[2023-11-21T00:00:14.764+0000] {processor.py:157} INFO - Started process (PID=23043) to work on /opt/airflow/dags/outcomes_dag.py
[2023-11-21T00:00:14.767+0000] {processor.py:829} INFO - Processing file /opt/airflow/dags/outcomes_dag.py for tasks to queue
[2023-11-21T00:00:14.770+0000] {logging_mixin.py:154} INFO - [2023-11-21T00:00:14.769+0000] {dagbag.py:536} INFO - Filling up the DagBag from /opt/airflow/dags/outcomes_dag.py
[2023-11-21T00:00:15.562+0000] {processor.py:839} INFO - DAG(s) dict_keys(['outcomes_dag']) retrieved from /opt/airflow/dags/outcomes_dag.py
[2023-11-21T00:00:15.596+0000] {logging_mixin.py:154} INFO - [2023-11-21T00:00:15.596+0000] {dag.py:2941} INFO - Sync 1 DAGs
[2023-11-21T00:00:15.622+0000] {logging_mixin.py:154} INFO - [2023-11-21T00:00:15.622+0000] {dag.py:3722} INFO - Setting next_dagrun for outcomes_dag to 2023-11-21T00:00:00+00:00, run_after=2023-11-22T00:00:00+00:00
[2023-11-21T00:00:15.641+0000] {processor.py:179} INFO - Processing /opt/airflow/dags/outcomes_dag.py took 0.884 seconds
[2023-11-21T00:00:45.801+0000] {processor.py:157} INFO - Started process (PID=23061) to work on /opt/airflow/dags/outcomes_dag.py
[2023-11-21T00:00:45.801+0000] {processor.py:829} INFO - Processing file /opt/airflow/dags/outcomes_dag.py for tasks to queue
[2023-11-21T00:00:45.803+0000] {logging_mixin.py:154} INFO - [2023-11-21T00:00:45.803+0000] {dagbag.py:536} INFO - Filling up the DagBag from /opt/airflow/dags/outcomes_dag.py
[2023-11-21T00:00:46.199+0000] {processor.py:839} INFO - DAG(s) dict_keys(['outcomes_dag']) retrieved from /opt/airflow/dags/outcomes_dag.py
[2023-11-21T00:00:46.219+0000] {logging_mixin.py:154} INFO - [2023-11-21T00:00:46.219+0000] {dag.py:2941} INFO - Sync 1 DAGs
[2023-11-21T00:00:46.237+0000] {logging_mixin.py:154} INFO - [2023-11-21T00:00:46.237+0000] {dag.py:3722} INFO - Setting next_dagrun for outcomes_dag to 2023-11-21T00:00:00+00:00, run_after=2023-11-22T00:00:00+00:00
[2023-11-21T00:00:46.263+0000] {processor.py:179} INFO - Processing /opt/airflow/dags/outcomes_dag.py took 0.465 seconds
[2023-11-21T00:01:16.447+0000] {processor.py:157} INFO - Started process (PID=23073) to work on /opt/airflow/dags/outcomes_dag.py
[2023-11-21T00:01:16.449+0000] {processor.py:829} INFO - Processing file /opt/airflow/dags/outcomes_dag.py for tasks to queue
[2023-11-21T00:01:16.451+0000] {logging_mixin.py:154} INFO - [2023-11-21T00:01:16.450+0000] {dagbag.py:536} INFO - Filling up the DagBag from /opt/airflow/dags/outcomes_dag.py
[2023-11-21T00:01:16.802+0000] {processor.py:839} INFO - DAG(s) dict_keys(['outcomes_dag']) retrieved from /opt/airflow/dags/outcomes_dag.py
[2023-11-21T00:01:16.821+0000] {logging_mixin.py:154} INFO - [2023-11-21T00:01:16.821+0000] {dag.py:2941} INFO - Sync 1 DAGs
[2023-11-21T00:01:16.837+0000] {logging_mixin.py:154} INFO - [2023-11-21T00:01:16.837+0000] {dag.py:3722} INFO - Setting next_dagrun for outcomes_dag to 2023-11-21T00:00:00+00:00, run_after=2023-11-22T00:00:00+00:00
[2023-11-21T00:01:16.852+0000] {processor.py:179} INFO - Processing /opt/airflow/dags/outcomes_dag.py took 0.408 seconds
[2023-11-21T00:01:47.029+0000] {processor.py:157} INFO - Started process (PID=23085) to work on /opt/airflow/dags/outcomes_dag.py
[2023-11-21T00:01:47.030+0000] {processor.py:829} INFO - Processing file /opt/airflow/dags/outcomes_dag.py for tasks to queue
[2023-11-21T00:01:47.033+0000] {logging_mixin.py:154} INFO - [2023-11-21T00:01:47.032+0000] {dagbag.py:536} INFO - Filling up the DagBag from /opt/airflow/dags/outcomes_dag.py
[2023-11-21T00:01:47.479+0000] {processor.py:839} INFO - DAG(s) dict_keys(['outcomes_dag']) retrieved from /opt/airflow/dags/outcomes_dag.py
[2023-11-21T00:01:47.505+0000] {logging_mixin.py:154} INFO - [2023-11-21T00:01:47.505+0000] {dag.py:2941} INFO - Sync 1 DAGs
[2023-11-21T00:01:47.525+0000] {logging_mixin.py:154} INFO - [2023-11-21T00:01:47.525+0000] {dag.py:3722} INFO - Setting next_dagrun for outcomes_dag to 2023-11-21T00:00:00+00:00, run_after=2023-11-22T00:00:00+00:00
[2023-11-21T00:01:47.539+0000] {processor.py:179} INFO - Processing /opt/airflow/dags/outcomes_dag.py took 0.512 seconds
[2023-11-21T00:02:17.720+0000] {processor.py:157} INFO - Started process (PID=23097) to work on /opt/airflow/dags/outcomes_dag.py
[2023-11-21T00:02:17.721+0000] {processor.py:829} INFO - Processing file /opt/airflow/dags/outcomes_dag.py for tasks to queue
[2023-11-21T00:02:17.723+0000] {logging_mixin.py:154} INFO - [2023-11-21T00:02:17.723+0000] {dagbag.py:536} INFO - Filling up the DagBag from /opt/airflow/dags/outcomes_dag.py
[2023-11-21T00:02:18.120+0000] {processor.py:839} INFO - DAG(s) dict_keys(['outcomes_dag']) retrieved from /opt/airflow/dags/outcomes_dag.py
[2023-11-21T00:02:18.142+0000] {logging_mixin.py:154} INFO - [2023-11-21T00:02:18.142+0000] {dag.py:2941} INFO - Sync 1 DAGs
[2023-11-21T00:02:18.158+0000] {logging_mixin.py:154} INFO - [2023-11-21T00:02:18.158+0000] {dag.py:3722} INFO - Setting next_dagrun for outcomes_dag to 2023-11-21T00:00:00+00:00, run_after=2023-11-22T00:00:00+00:00
[2023-11-21T00:02:18.184+0000] {processor.py:179} INFO - Processing /opt/airflow/dags/outcomes_dag.py took 0.467 seconds
[2023-11-21T00:02:48.300+0000] {processor.py:157} INFO - Started process (PID=23109) to work on /opt/airflow/dags/outcomes_dag.py
[2023-11-21T00:02:48.300+0000] {processor.py:829} INFO - Processing file /opt/airflow/dags/outcomes_dag.py for tasks to queue
[2023-11-21T00:02:48.303+0000] {logging_mixin.py:154} INFO - [2023-11-21T00:02:48.302+0000] {dagbag.py:536} INFO - Filling up the DagBag from /opt/airflow/dags/outcomes_dag.py
[2023-11-21T00:02:48.630+0000] {processor.py:839} INFO - DAG(s) dict_keys(['outcomes_dag']) retrieved from /opt/airflow/dags/outcomes_dag.py
[2023-11-21T00:02:48.650+0000] {logging_mixin.py:154} INFO - [2023-11-21T00:02:48.650+0000] {dag.py:2941} INFO - Sync 1 DAGs
[2023-11-21T00:02:48.666+0000] {logging_mixin.py:154} INFO - [2023-11-21T00:02:48.666+0000] {dag.py:3722} INFO - Setting next_dagrun for outcomes_dag to 2023-11-21T00:00:00+00:00, run_after=2023-11-22T00:00:00+00:00
[2023-11-21T00:02:48.694+0000] {processor.py:179} INFO - Processing /opt/airflow/dags/outcomes_dag.py took 0.398 seconds
[2023-11-21T00:03:18.857+0000] {processor.py:157} INFO - Started process (PID=23121) to work on /opt/airflow/dags/outcomes_dag.py
[2023-11-21T00:03:18.859+0000] {processor.py:829} INFO - Processing file /opt/airflow/dags/outcomes_dag.py for tasks to queue
[2023-11-21T00:03:18.861+0000] {logging_mixin.py:154} INFO - [2023-11-21T00:03:18.861+0000] {dagbag.py:536} INFO - Filling up the DagBag from /opt/airflow/dags/outcomes_dag.py
[2023-11-21T00:03:19.247+0000] {processor.py:839} INFO - DAG(s) dict_keys(['outcomes_dag']) retrieved from /opt/airflow/dags/outcomes_dag.py
[2023-11-21T00:03:19.266+0000] {logging_mixin.py:154} INFO - [2023-11-21T00:03:19.266+0000] {dag.py:2941} INFO - Sync 1 DAGs
[2023-11-21T00:03:19.283+0000] {logging_mixin.py:154} INFO - [2023-11-21T00:03:19.282+0000] {dag.py:3722} INFO - Setting next_dagrun for outcomes_dag to 2023-11-21T00:00:00+00:00, run_after=2023-11-22T00:00:00+00:00
[2023-11-21T00:03:19.301+0000] {processor.py:179} INFO - Processing /opt/airflow/dags/outcomes_dag.py took 0.447 seconds
[2023-11-21T00:03:49.481+0000] {processor.py:157} INFO - Started process (PID=23132) to work on /opt/airflow/dags/outcomes_dag.py
[2023-11-21T00:03:49.483+0000] {processor.py:829} INFO - Processing file /opt/airflow/dags/outcomes_dag.py for tasks to queue
[2023-11-21T00:03:49.485+0000] {logging_mixin.py:154} INFO - [2023-11-21T00:03:49.485+0000] {dagbag.py:536} INFO - Filling up the DagBag from /opt/airflow/dags/outcomes_dag.py
[2023-11-21T00:03:49.824+0000] {processor.py:839} INFO - DAG(s) dict_keys(['outcomes_dag']) retrieved from /opt/airflow/dags/outcomes_dag.py
[2023-11-21T00:03:49.847+0000] {logging_mixin.py:154} INFO - [2023-11-21T00:03:49.846+0000] {dag.py:2941} INFO - Sync 1 DAGs
[2023-11-21T00:03:49.864+0000] {logging_mixin.py:154} INFO - [2023-11-21T00:03:49.864+0000] {dag.py:3722} INFO - Setting next_dagrun for outcomes_dag to 2023-11-21T00:00:00+00:00, run_after=2023-11-22T00:00:00+00:00
[2023-11-21T00:03:49.893+0000] {processor.py:179} INFO - Processing /opt/airflow/dags/outcomes_dag.py took 0.414 seconds
[2023-11-21T00:04:20.082+0000] {processor.py:157} INFO - Started process (PID=23144) to work on /opt/airflow/dags/outcomes_dag.py
[2023-11-21T00:04:20.095+0000] {processor.py:829} INFO - Processing file /opt/airflow/dags/outcomes_dag.py for tasks to queue
[2023-11-21T00:04:20.097+0000] {logging_mixin.py:154} INFO - [2023-11-21T00:04:20.097+0000] {dagbag.py:536} INFO - Filling up the DagBag from /opt/airflow/dags/outcomes_dag.py
[2023-11-21T00:04:20.461+0000] {processor.py:839} INFO - DAG(s) dict_keys(['outcomes_dag']) retrieved from /opt/airflow/dags/outcomes_dag.py
[2023-11-21T00:04:20.479+0000] {logging_mixin.py:154} INFO - [2023-11-21T00:04:20.478+0000] {dag.py:2941} INFO - Sync 1 DAGs
[2023-11-21T00:04:20.495+0000] {logging_mixin.py:154} INFO - [2023-11-21T00:04:20.495+0000] {dag.py:3722} INFO - Setting next_dagrun for outcomes_dag to 2023-11-21T00:00:00+00:00, run_after=2023-11-22T00:00:00+00:00
[2023-11-21T00:04:20.508+0000] {processor.py:179} INFO - Processing /opt/airflow/dags/outcomes_dag.py took 0.428 seconds
[2023-11-21T00:04:50.568+0000] {processor.py:157} INFO - Started process (PID=23168) to work on /opt/airflow/dags/outcomes_dag.py
[2023-11-21T00:04:50.568+0000] {processor.py:829} INFO - Processing file /opt/airflow/dags/outcomes_dag.py for tasks to queue
[2023-11-21T00:04:50.571+0000] {logging_mixin.py:154} INFO - [2023-11-21T00:04:50.571+0000] {dagbag.py:536} INFO - Filling up the DagBag from /opt/airflow/dags/outcomes_dag.py
[2023-11-21T00:04:50.990+0000] {processor.py:839} INFO - DAG(s) dict_keys(['outcomes_dag']) retrieved from /opt/airflow/dags/outcomes_dag.py
[2023-11-21T00:04:51.014+0000] {logging_mixin.py:154} INFO - [2023-11-21T00:04:51.014+0000] {dag.py:2941} INFO - Sync 1 DAGs
[2023-11-21T00:04:51.032+0000] {logging_mixin.py:154} INFO - [2023-11-21T00:04:51.032+0000] {dag.py:3722} INFO - Setting next_dagrun for outcomes_dag to 2023-11-21T00:00:00+00:00, run_after=2023-11-22T00:00:00+00:00
[2023-11-21T00:04:51.063+0000] {processor.py:179} INFO - Processing /opt/airflow/dags/outcomes_dag.py took 0.498 seconds
[2023-11-21T00:05:21.251+0000] {processor.py:157} INFO - Started process (PID=23179) to work on /opt/airflow/dags/outcomes_dag.py
[2023-11-21T00:05:21.252+0000] {processor.py:829} INFO - Processing file /opt/airflow/dags/outcomes_dag.py for tasks to queue
[2023-11-21T00:05:21.255+0000] {logging_mixin.py:154} INFO - [2023-11-21T00:05:21.255+0000] {dagbag.py:536} INFO - Filling up the DagBag from /opt/airflow/dags/outcomes_dag.py
[2023-11-21T00:05:21.604+0000] {processor.py:839} INFO - DAG(s) dict_keys(['outcomes_dag']) retrieved from /opt/airflow/dags/outcomes_dag.py
[2023-11-21T00:05:21.626+0000] {logging_mixin.py:154} INFO - [2023-11-21T00:05:21.626+0000] {dag.py:2941} INFO - Sync 1 DAGs
[2023-11-21T00:05:21.643+0000] {logging_mixin.py:154} INFO - [2023-11-21T00:05:21.643+0000] {dag.py:3722} INFO - Setting next_dagrun for outcomes_dag to 2023-11-21T00:00:00+00:00, run_after=2023-11-22T00:00:00+00:00
[2023-11-21T00:05:21.659+0000] {processor.py:179} INFO - Processing /opt/airflow/dags/outcomes_dag.py took 0.411 seconds
[2023-11-21T00:05:51.821+0000] {processor.py:157} INFO - Started process (PID=23191) to work on /opt/airflow/dags/outcomes_dag.py
[2023-11-21T00:05:51.822+0000] {processor.py:829} INFO - Processing file /opt/airflow/dags/outcomes_dag.py for tasks to queue
[2023-11-21T00:05:51.825+0000] {logging_mixin.py:154} INFO - [2023-11-21T00:05:51.824+0000] {dagbag.py:536} INFO - Filling up the DagBag from /opt/airflow/dags/outcomes_dag.py
[2023-11-21T00:05:52.251+0000] {processor.py:839} INFO - DAG(s) dict_keys(['outcomes_dag']) retrieved from /opt/airflow/dags/outcomes_dag.py
[2023-11-21T00:05:52.269+0000] {logging_mixin.py:154} INFO - [2023-11-21T00:05:52.269+0000] {dag.py:2941} INFO - Sync 1 DAGs
[2023-11-21T00:05:52.287+0000] {logging_mixin.py:154} INFO - [2023-11-21T00:05:52.287+0000] {dag.py:3722} INFO - Setting next_dagrun for outcomes_dag to 2023-11-21T00:00:00+00:00, run_after=2023-11-22T00:00:00+00:00
[2023-11-21T00:05:52.303+0000] {processor.py:179} INFO - Processing /opt/airflow/dags/outcomes_dag.py took 0.485 seconds
[2023-11-21T00:06:22.496+0000] {processor.py:157} INFO - Started process (PID=23202) to work on /opt/airflow/dags/outcomes_dag.py
[2023-11-21T00:06:22.508+0000] {processor.py:829} INFO - Processing file /opt/airflow/dags/outcomes_dag.py for tasks to queue
[2023-11-21T00:06:22.510+0000] {logging_mixin.py:154} INFO - [2023-11-21T00:06:22.510+0000] {dagbag.py:536} INFO - Filling up the DagBag from /opt/airflow/dags/outcomes_dag.py
[2023-11-21T00:06:22.953+0000] {processor.py:839} INFO - DAG(s) dict_keys(['outcomes_dag']) retrieved from /opt/airflow/dags/outcomes_dag.py
[2023-11-21T00:06:22.978+0000] {logging_mixin.py:154} INFO - [2023-11-21T00:06:22.978+0000] {dag.py:2941} INFO - Sync 1 DAGs
[2023-11-21T00:06:23.002+0000] {logging_mixin.py:154} INFO - [2023-11-21T00:06:23.002+0000] {dag.py:3722} INFO - Setting next_dagrun for outcomes_dag to 2023-11-21T00:00:00+00:00, run_after=2023-11-22T00:00:00+00:00
[2023-11-21T00:06:23.022+0000] {processor.py:179} INFO - Processing /opt/airflow/dags/outcomes_dag.py took 0.529 seconds
[2023-11-21T00:06:53.181+0000] {processor.py:157} INFO - Started process (PID=23213) to work on /opt/airflow/dags/outcomes_dag.py
[2023-11-21T00:06:53.181+0000] {processor.py:829} INFO - Processing file /opt/airflow/dags/outcomes_dag.py for tasks to queue
[2023-11-21T00:06:53.183+0000] {logging_mixin.py:154} INFO - [2023-11-21T00:06:53.183+0000] {dagbag.py:536} INFO - Filling up the DagBag from /opt/airflow/dags/outcomes_dag.py
[2023-11-21T00:06:53.555+0000] {processor.py:839} INFO - DAG(s) dict_keys(['outcomes_dag']) retrieved from /opt/airflow/dags/outcomes_dag.py
[2023-11-21T00:06:53.578+0000] {logging_mixin.py:154} INFO - [2023-11-21T00:06:53.578+0000] {dag.py:2941} INFO - Sync 1 DAGs
[2023-11-21T00:06:53.599+0000] {logging_mixin.py:154} INFO - [2023-11-21T00:06:53.598+0000] {dag.py:3722} INFO - Setting next_dagrun for outcomes_dag to 2023-11-21T00:00:00+00:00, run_after=2023-11-22T00:00:00+00:00
[2023-11-21T00:06:53.614+0000] {processor.py:179} INFO - Processing /opt/airflow/dags/outcomes_dag.py took 0.436 seconds
[2023-11-21T00:07:23.759+0000] {processor.py:157} INFO - Started process (PID=23225) to work on /opt/airflow/dags/outcomes_dag.py
[2023-11-21T00:07:23.771+0000] {processor.py:829} INFO - Processing file /opt/airflow/dags/outcomes_dag.py for tasks to queue
[2023-11-21T00:07:23.773+0000] {logging_mixin.py:154} INFO - [2023-11-21T00:07:23.773+0000] {dagbag.py:536} INFO - Filling up the DagBag from /opt/airflow/dags/outcomes_dag.py
[2023-11-21T00:07:24.171+0000] {processor.py:839} INFO - DAG(s) dict_keys(['outcomes_dag']) retrieved from /opt/airflow/dags/outcomes_dag.py
[2023-11-21T00:07:24.189+0000] {logging_mixin.py:154} INFO - [2023-11-21T00:07:24.189+0000] {dag.py:2941} INFO - Sync 1 DAGs
[2023-11-21T00:07:24.206+0000] {logging_mixin.py:154} INFO - [2023-11-21T00:07:24.205+0000] {dag.py:3722} INFO - Setting next_dagrun for outcomes_dag to 2023-11-21T00:00:00+00:00, run_after=2023-11-22T00:00:00+00:00
[2023-11-21T00:07:24.221+0000] {processor.py:179} INFO - Processing /opt/airflow/dags/outcomes_dag.py took 0.465 seconds
[2023-11-21T00:07:54.373+0000] {processor.py:157} INFO - Started process (PID=23237) to work on /opt/airflow/dags/outcomes_dag.py
[2023-11-21T00:07:54.374+0000] {processor.py:829} INFO - Processing file /opt/airflow/dags/outcomes_dag.py for tasks to queue
[2023-11-21T00:07:54.377+0000] {logging_mixin.py:154} INFO - [2023-11-21T00:07:54.376+0000] {dagbag.py:536} INFO - Filling up the DagBag from /opt/airflow/dags/outcomes_dag.py
[2023-11-21T00:07:54.762+0000] {processor.py:839} INFO - DAG(s) dict_keys(['outcomes_dag']) retrieved from /opt/airflow/dags/outcomes_dag.py
[2023-11-21T00:07:54.781+0000] {logging_mixin.py:154} INFO - [2023-11-21T00:07:54.781+0000] {dag.py:2941} INFO - Sync 1 DAGs
[2023-11-21T00:07:54.797+0000] {logging_mixin.py:154} INFO - [2023-11-21T00:07:54.797+0000] {dag.py:3722} INFO - Setting next_dagrun for outcomes_dag to 2023-11-21T00:00:00+00:00, run_after=2023-11-22T00:00:00+00:00
[2023-11-21T00:07:54.811+0000] {processor.py:179} INFO - Processing /opt/airflow/dags/outcomes_dag.py took 0.441 seconds
[2023-11-21T00:08:24.993+0000] {processor.py:157} INFO - Started process (PID=23249) to work on /opt/airflow/dags/outcomes_dag.py
[2023-11-21T00:08:25.005+0000] {processor.py:829} INFO - Processing file /opt/airflow/dags/outcomes_dag.py for tasks to queue
[2023-11-21T00:08:25.007+0000] {logging_mixin.py:154} INFO - [2023-11-21T00:08:25.007+0000] {dagbag.py:536} INFO - Filling up the DagBag from /opt/airflow/dags/outcomes_dag.py
[2023-11-21T00:08:25.366+0000] {processor.py:839} INFO - DAG(s) dict_keys(['outcomes_dag']) retrieved from /opt/airflow/dags/outcomes_dag.py
[2023-11-21T00:08:25.386+0000] {logging_mixin.py:154} INFO - [2023-11-21T00:08:25.386+0000] {dag.py:2941} INFO - Sync 1 DAGs
[2023-11-21T00:08:25.403+0000] {logging_mixin.py:154} INFO - [2023-11-21T00:08:25.403+0000] {dag.py:3722} INFO - Setting next_dagrun for outcomes_dag to 2023-11-21T00:00:00+00:00, run_after=2023-11-22T00:00:00+00:00
[2023-11-21T00:08:25.417+0000] {processor.py:179} INFO - Processing /opt/airflow/dags/outcomes_dag.py took 0.428 seconds
[2023-11-21T00:08:55.599+0000] {processor.py:157} INFO - Started process (PID=23261) to work on /opt/airflow/dags/outcomes_dag.py
[2023-11-21T00:08:55.600+0000] {processor.py:829} INFO - Processing file /opt/airflow/dags/outcomes_dag.py for tasks to queue
[2023-11-21T00:08:55.602+0000] {logging_mixin.py:154} INFO - [2023-11-21T00:08:55.602+0000] {dagbag.py:536} INFO - Filling up the DagBag from /opt/airflow/dags/outcomes_dag.py
[2023-11-21T00:08:55.994+0000] {processor.py:839} INFO - DAG(s) dict_keys(['outcomes_dag']) retrieved from /opt/airflow/dags/outcomes_dag.py
[2023-11-21T00:08:56.012+0000] {logging_mixin.py:154} INFO - [2023-11-21T00:08:56.012+0000] {dag.py:2941} INFO - Sync 1 DAGs
[2023-11-21T00:08:56.027+0000] {logging_mixin.py:154} INFO - [2023-11-21T00:08:56.027+0000] {dag.py:3722} INFO - Setting next_dagrun for outcomes_dag to 2023-11-21T00:00:00+00:00, run_after=2023-11-22T00:00:00+00:00
[2023-11-21T00:08:56.052+0000] {processor.py:179} INFO - Processing /opt/airflow/dags/outcomes_dag.py took 0.456 seconds
[2023-11-21T00:09:26.209+0000] {processor.py:157} INFO - Started process (PID=23272) to work on /opt/airflow/dags/outcomes_dag.py
[2023-11-21T00:09:26.210+0000] {processor.py:829} INFO - Processing file /opt/airflow/dags/outcomes_dag.py for tasks to queue
[2023-11-21T00:09:26.212+0000] {logging_mixin.py:154} INFO - [2023-11-21T00:09:26.212+0000] {dagbag.py:536} INFO - Filling up the DagBag from /opt/airflow/dags/outcomes_dag.py
[2023-11-21T00:09:26.542+0000] {processor.py:839} INFO - DAG(s) dict_keys(['outcomes_dag']) retrieved from /opt/airflow/dags/outcomes_dag.py
[2023-11-21T00:09:26.561+0000] {logging_mixin.py:154} INFO - [2023-11-21T00:09:26.561+0000] {dag.py:2941} INFO - Sync 1 DAGs
[2023-11-21T00:09:26.576+0000] {logging_mixin.py:154} INFO - [2023-11-21T00:09:26.576+0000] {dag.py:3722} INFO - Setting next_dagrun for outcomes_dag to 2023-11-21T00:00:00+00:00, run_after=2023-11-22T00:00:00+00:00
[2023-11-21T00:09:26.601+0000] {processor.py:179} INFO - Processing /opt/airflow/dags/outcomes_dag.py took 0.395 seconds
[2023-11-21T00:09:56.792+0000] {processor.py:157} INFO - Started process (PID=23284) to work on /opt/airflow/dags/outcomes_dag.py
[2023-11-21T00:09:56.793+0000] {processor.py:829} INFO - Processing file /opt/airflow/dags/outcomes_dag.py for tasks to queue
[2023-11-21T00:09:56.794+0000] {logging_mixin.py:154} INFO - [2023-11-21T00:09:56.794+0000] {dagbag.py:536} INFO - Filling up the DagBag from /opt/airflow/dags/outcomes_dag.py
[2023-11-21T00:09:57.122+0000] {processor.py:839} INFO - DAG(s) dict_keys(['outcomes_dag']) retrieved from /opt/airflow/dags/outcomes_dag.py
[2023-11-21T00:09:57.140+0000] {logging_mixin.py:154} INFO - [2023-11-21T00:09:57.140+0000] {dag.py:2941} INFO - Sync 1 DAGs
[2023-11-21T00:09:57.155+0000] {logging_mixin.py:154} INFO - [2023-11-21T00:09:57.155+0000] {dag.py:3722} INFO - Setting next_dagrun for outcomes_dag to 2023-11-21T00:00:00+00:00, run_after=2023-11-22T00:00:00+00:00
[2023-11-21T00:09:57.170+0000] {processor.py:179} INFO - Processing /opt/airflow/dags/outcomes_dag.py took 0.381 seconds
[2023-11-21T00:10:27.346+0000] {processor.py:157} INFO - Started process (PID=23296) to work on /opt/airflow/dags/outcomes_dag.py
[2023-11-21T00:10:27.359+0000] {processor.py:829} INFO - Processing file /opt/airflow/dags/outcomes_dag.py for tasks to queue
[2023-11-21T00:10:27.361+0000] {logging_mixin.py:154} INFO - [2023-11-21T00:10:27.361+0000] {dagbag.py:536} INFO - Filling up the DagBag from /opt/airflow/dags/outcomes_dag.py
[2023-11-21T00:10:27.751+0000] {processor.py:839} INFO - DAG(s) dict_keys(['outcomes_dag']) retrieved from /opt/airflow/dags/outcomes_dag.py
[2023-11-21T00:10:27.770+0000] {logging_mixin.py:154} INFO - [2023-11-21T00:10:27.770+0000] {dag.py:2941} INFO - Sync 1 DAGs
[2023-11-21T00:10:27.785+0000] {logging_mixin.py:154} INFO - [2023-11-21T00:10:27.785+0000] {dag.py:3722} INFO - Setting next_dagrun for outcomes_dag to 2023-11-21T00:00:00+00:00, run_after=2023-11-22T00:00:00+00:00
[2023-11-21T00:10:27.798+0000] {processor.py:179} INFO - Processing /opt/airflow/dags/outcomes_dag.py took 0.455 seconds
[2023-11-21T00:10:57.947+0000] {processor.py:157} INFO - Started process (PID=23308) to work on /opt/airflow/dags/outcomes_dag.py
[2023-11-21T00:10:57.949+0000] {processor.py:829} INFO - Processing file /opt/airflow/dags/outcomes_dag.py for tasks to queue
[2023-11-21T00:10:57.951+0000] {logging_mixin.py:154} INFO - [2023-11-21T00:10:57.951+0000] {dagbag.py:536} INFO - Filling up the DagBag from /opt/airflow/dags/outcomes_dag.py
[2023-11-21T00:10:58.349+0000] {processor.py:839} INFO - DAG(s) dict_keys(['outcomes_dag']) retrieved from /opt/airflow/dags/outcomes_dag.py
[2023-11-21T00:10:58.370+0000] {logging_mixin.py:154} INFO - [2023-11-21T00:10:58.370+0000] {dag.py:2941} INFO - Sync 1 DAGs
[2023-11-21T00:10:58.386+0000] {logging_mixin.py:154} INFO - [2023-11-21T00:10:58.386+0000] {dag.py:3722} INFO - Setting next_dagrun for outcomes_dag to 2023-11-21T00:00:00+00:00, run_after=2023-11-22T00:00:00+00:00
[2023-11-21T00:10:58.402+0000] {processor.py:179} INFO - Processing /opt/airflow/dags/outcomes_dag.py took 0.458 seconds
[2023-11-21T00:11:28.558+0000] {processor.py:157} INFO - Started process (PID=23320) to work on /opt/airflow/dags/outcomes_dag.py
[2023-11-21T00:11:28.559+0000] {processor.py:829} INFO - Processing file /opt/airflow/dags/outcomes_dag.py for tasks to queue
[2023-11-21T00:11:28.561+0000] {logging_mixin.py:154} INFO - [2023-11-21T00:11:28.561+0000] {dagbag.py:536} INFO - Filling up the DagBag from /opt/airflow/dags/outcomes_dag.py
[2023-11-21T00:11:28.925+0000] {processor.py:839} INFO - DAG(s) dict_keys(['outcomes_dag']) retrieved from /opt/airflow/dags/outcomes_dag.py
[2023-11-21T00:11:28.943+0000] {logging_mixin.py:154} INFO - [2023-11-21T00:11:28.943+0000] {dag.py:2941} INFO - Sync 1 DAGs
[2023-11-21T00:11:28.959+0000] {logging_mixin.py:154} INFO - [2023-11-21T00:11:28.959+0000] {dag.py:3722} INFO - Setting next_dagrun for outcomes_dag to 2023-11-21T00:00:00+00:00, run_after=2023-11-22T00:00:00+00:00
[2023-11-21T00:11:28.973+0000] {processor.py:179} INFO - Processing /opt/airflow/dags/outcomes_dag.py took 0.417 seconds
[2023-11-21T00:11:59.144+0000] {processor.py:157} INFO - Started process (PID=23332) to work on /opt/airflow/dags/outcomes_dag.py
[2023-11-21T00:11:59.145+0000] {processor.py:829} INFO - Processing file /opt/airflow/dags/outcomes_dag.py for tasks to queue
[2023-11-21T00:11:59.147+0000] {logging_mixin.py:154} INFO - [2023-11-21T00:11:59.147+0000] {dagbag.py:536} INFO - Filling up the DagBag from /opt/airflow/dags/outcomes_dag.py
[2023-11-21T00:11:59.499+0000] {processor.py:839} INFO - DAG(s) dict_keys(['outcomes_dag']) retrieved from /opt/airflow/dags/outcomes_dag.py
[2023-11-21T00:11:59.518+0000] {logging_mixin.py:154} INFO - [2023-11-21T00:11:59.518+0000] {dag.py:2941} INFO - Sync 1 DAGs
[2023-11-21T00:11:59.535+0000] {logging_mixin.py:154} INFO - [2023-11-21T00:11:59.534+0000] {dag.py:3722} INFO - Setting next_dagrun for outcomes_dag to 2023-11-21T00:00:00+00:00, run_after=2023-11-22T00:00:00+00:00
[2023-11-21T00:11:59.552+0000] {processor.py:179} INFO - Processing /opt/airflow/dags/outcomes_dag.py took 0.411 seconds
[2023-11-21T00:12:29.744+0000] {processor.py:157} INFO - Started process (PID=23344) to work on /opt/airflow/dags/outcomes_dag.py
[2023-11-21T00:12:29.746+0000] {processor.py:829} INFO - Processing file /opt/airflow/dags/outcomes_dag.py for tasks to queue
[2023-11-21T00:12:29.748+0000] {logging_mixin.py:154} INFO - [2023-11-21T00:12:29.748+0000] {dagbag.py:536} INFO - Filling up the DagBag from /opt/airflow/dags/outcomes_dag.py
[2023-11-21T00:12:30.073+0000] {processor.py:839} INFO - DAG(s) dict_keys(['outcomes_dag']) retrieved from /opt/airflow/dags/outcomes_dag.py
[2023-11-21T00:12:30.131+0000] {logging_mixin.py:154} INFO - [2023-11-21T00:12:30.131+0000] {dag.py:2941} INFO - Sync 1 DAGs
[2023-11-21T00:12:30.153+0000] {logging_mixin.py:154} INFO - [2023-11-21T00:12:30.153+0000] {dag.py:3722} INFO - Setting next_dagrun for outcomes_dag to 2023-11-21T00:00:00+00:00, run_after=2023-11-22T00:00:00+00:00
[2023-11-21T00:12:30.169+0000] {processor.py:179} INFO - Processing /opt/airflow/dags/outcomes_dag.py took 0.427 seconds
[2023-11-21T00:13:00.343+0000] {processor.py:157} INFO - Started process (PID=23355) to work on /opt/airflow/dags/outcomes_dag.py
[2023-11-21T00:13:00.344+0000] {processor.py:829} INFO - Processing file /opt/airflow/dags/outcomes_dag.py for tasks to queue
[2023-11-21T00:13:00.346+0000] {logging_mixin.py:154} INFO - [2023-11-21T00:13:00.346+0000] {dagbag.py:536} INFO - Filling up the DagBag from /opt/airflow/dags/outcomes_dag.py
[2023-11-21T00:13:00.686+0000] {processor.py:839} INFO - DAG(s) dict_keys(['outcomes_dag']) retrieved from /opt/airflow/dags/outcomes_dag.py
[2023-11-21T00:13:00.706+0000] {logging_mixin.py:154} INFO - [2023-11-21T00:13:00.705+0000] {dag.py:2941} INFO - Sync 1 DAGs
[2023-11-21T00:13:00.722+0000] {logging_mixin.py:154} INFO - [2023-11-21T00:13:00.722+0000] {dag.py:3722} INFO - Setting next_dagrun for outcomes_dag to 2023-11-21T00:00:00+00:00, run_after=2023-11-22T00:00:00+00:00
[2023-11-21T00:13:00.736+0000] {processor.py:179} INFO - Processing /opt/airflow/dags/outcomes_dag.py took 0.396 seconds
[2023-11-21T00:13:30.941+0000] {processor.py:157} INFO - Started process (PID=23366) to work on /opt/airflow/dags/outcomes_dag.py
[2023-11-21T00:13:30.943+0000] {processor.py:829} INFO - Processing file /opt/airflow/dags/outcomes_dag.py for tasks to queue
[2023-11-21T00:13:30.945+0000] {logging_mixin.py:154} INFO - [2023-11-21T00:13:30.944+0000] {dagbag.py:536} INFO - Filling up the DagBag from /opt/airflow/dags/outcomes_dag.py
[2023-11-21T00:13:31.284+0000] {processor.py:839} INFO - DAG(s) dict_keys(['outcomes_dag']) retrieved from /opt/airflow/dags/outcomes_dag.py
[2023-11-21T00:13:31.305+0000] {logging_mixin.py:154} INFO - [2023-11-21T00:13:31.305+0000] {dag.py:2941} INFO - Sync 1 DAGs
[2023-11-21T00:13:31.320+0000] {logging_mixin.py:154} INFO - [2023-11-21T00:13:31.320+0000] {dag.py:3722} INFO - Setting next_dagrun for outcomes_dag to 2023-11-21T00:00:00+00:00, run_after=2023-11-22T00:00:00+00:00
[2023-11-21T00:13:31.345+0000] {processor.py:179} INFO - Processing /opt/airflow/dags/outcomes_dag.py took 0.407 seconds
[2023-11-21T00:14:01.552+0000] {processor.py:157} INFO - Started process (PID=23378) to work on /opt/airflow/dags/outcomes_dag.py
[2023-11-21T00:14:01.552+0000] {processor.py:829} INFO - Processing file /opt/airflow/dags/outcomes_dag.py for tasks to queue
[2023-11-21T00:14:01.554+0000] {logging_mixin.py:154} INFO - [2023-11-21T00:14:01.554+0000] {dagbag.py:536} INFO - Filling up the DagBag from /opt/airflow/dags/outcomes_dag.py
[2023-11-21T00:14:01.876+0000] {processor.py:839} INFO - DAG(s) dict_keys(['outcomes_dag']) retrieved from /opt/airflow/dags/outcomes_dag.py
[2023-11-21T00:14:01.894+0000] {logging_mixin.py:154} INFO - [2023-11-21T00:14:01.894+0000] {dag.py:2941} INFO - Sync 1 DAGs
[2023-11-21T00:14:01.910+0000] {logging_mixin.py:154} INFO - [2023-11-21T00:14:01.910+0000] {dag.py:3722} INFO - Setting next_dagrun for outcomes_dag to 2023-11-21T00:00:00+00:00, run_after=2023-11-22T00:00:00+00:00
[2023-11-21T00:14:01.928+0000] {processor.py:179} INFO - Processing /opt/airflow/dags/outcomes_dag.py took 0.379 seconds
[2023-11-21T00:14:32.105+0000] {processor.py:157} INFO - Started process (PID=23390) to work on /opt/airflow/dags/outcomes_dag.py
[2023-11-21T00:14:32.106+0000] {processor.py:829} INFO - Processing file /opt/airflow/dags/outcomes_dag.py for tasks to queue
[2023-11-21T00:14:32.108+0000] {logging_mixin.py:154} INFO - [2023-11-21T00:14:32.108+0000] {dagbag.py:536} INFO - Filling up the DagBag from /opt/airflow/dags/outcomes_dag.py
[2023-11-21T00:14:32.453+0000] {processor.py:839} INFO - DAG(s) dict_keys(['outcomes_dag']) retrieved from /opt/airflow/dags/outcomes_dag.py
[2023-11-21T00:14:32.473+0000] {logging_mixin.py:154} INFO - [2023-11-21T00:14:32.473+0000] {dag.py:2941} INFO - Sync 1 DAGs
[2023-11-21T00:14:32.489+0000] {logging_mixin.py:154} INFO - [2023-11-21T00:14:32.488+0000] {dag.py:3722} INFO - Setting next_dagrun for outcomes_dag to 2023-11-21T00:00:00+00:00, run_after=2023-11-22T00:00:00+00:00
[2023-11-21T00:14:32.503+0000] {processor.py:179} INFO - Processing /opt/airflow/dags/outcomes_dag.py took 0.401 seconds
[2023-11-21T00:15:02.681+0000] {processor.py:157} INFO - Started process (PID=23401) to work on /opt/airflow/dags/outcomes_dag.py
[2023-11-21T00:15:02.682+0000] {processor.py:829} INFO - Processing file /opt/airflow/dags/outcomes_dag.py for tasks to queue
[2023-11-21T00:15:02.684+0000] {logging_mixin.py:154} INFO - [2023-11-21T00:15:02.684+0000] {dagbag.py:536} INFO - Filling up the DagBag from /opt/airflow/dags/outcomes_dag.py
[2023-11-21T00:15:03.024+0000] {processor.py:839} INFO - DAG(s) dict_keys(['outcomes_dag']) retrieved from /opt/airflow/dags/outcomes_dag.py
[2023-11-21T00:15:03.043+0000] {logging_mixin.py:154} INFO - [2023-11-21T00:15:03.042+0000] {dag.py:2941} INFO - Sync 1 DAGs
[2023-11-21T00:15:03.058+0000] {logging_mixin.py:154} INFO - [2023-11-21T00:15:03.058+0000] {dag.py:3722} INFO - Setting next_dagrun for outcomes_dag to 2023-11-21T00:00:00+00:00, run_after=2023-11-22T00:00:00+00:00
[2023-11-21T00:15:03.083+0000] {processor.py:179} INFO - Processing /opt/airflow/dags/outcomes_dag.py took 0.404 seconds
[2023-11-21T00:15:33.274+0000] {processor.py:157} INFO - Started process (PID=23412) to work on /opt/airflow/dags/outcomes_dag.py
[2023-11-21T00:15:33.275+0000] {processor.py:829} INFO - Processing file /opt/airflow/dags/outcomes_dag.py for tasks to queue
[2023-11-21T00:15:33.278+0000] {logging_mixin.py:154} INFO - [2023-11-21T00:15:33.278+0000] {dagbag.py:536} INFO - Filling up the DagBag from /opt/airflow/dags/outcomes_dag.py
[2023-11-21T00:15:33.662+0000] {processor.py:839} INFO - DAG(s) dict_keys(['outcomes_dag']) retrieved from /opt/airflow/dags/outcomes_dag.py
[2023-11-21T00:15:33.683+0000] {logging_mixin.py:154} INFO - [2023-11-21T00:15:33.683+0000] {dag.py:2941} INFO - Sync 1 DAGs
[2023-11-21T00:15:33.703+0000] {logging_mixin.py:154} INFO - [2023-11-21T00:15:33.702+0000] {dag.py:3722} INFO - Setting next_dagrun for outcomes_dag to 2023-11-21T00:00:00+00:00, run_after=2023-11-22T00:00:00+00:00
[2023-11-21T00:15:33.720+0000] {processor.py:179} INFO - Processing /opt/airflow/dags/outcomes_dag.py took 0.449 seconds
[2023-11-21T00:16:03.910+0000] {processor.py:157} INFO - Started process (PID=23424) to work on /opt/airflow/dags/outcomes_dag.py
[2023-11-21T00:16:03.911+0000] {processor.py:829} INFO - Processing file /opt/airflow/dags/outcomes_dag.py for tasks to queue
[2023-11-21T00:16:03.913+0000] {logging_mixin.py:154} INFO - [2023-11-21T00:16:03.913+0000] {dagbag.py:536} INFO - Filling up the DagBag from /opt/airflow/dags/outcomes_dag.py
[2023-11-21T00:16:04.268+0000] {processor.py:839} INFO - DAG(s) dict_keys(['outcomes_dag']) retrieved from /opt/airflow/dags/outcomes_dag.py
[2023-11-21T00:16:04.288+0000] {logging_mixin.py:154} INFO - [2023-11-21T00:16:04.288+0000] {dag.py:2941} INFO - Sync 1 DAGs
[2023-11-21T00:16:04.305+0000] {logging_mixin.py:154} INFO - [2023-11-21T00:16:04.305+0000] {dag.py:3722} INFO - Setting next_dagrun for outcomes_dag to 2023-11-21T00:00:00+00:00, run_after=2023-11-22T00:00:00+00:00
[2023-11-21T00:16:04.331+0000] {processor.py:179} INFO - Processing /opt/airflow/dags/outcomes_dag.py took 0.425 seconds
[2023-11-21T00:16:34.507+0000] {processor.py:157} INFO - Started process (PID=23436) to work on /opt/airflow/dags/outcomes_dag.py
[2023-11-21T00:16:34.508+0000] {processor.py:829} INFO - Processing file /opt/airflow/dags/outcomes_dag.py for tasks to queue
[2023-11-21T00:16:34.510+0000] {logging_mixin.py:154} INFO - [2023-11-21T00:16:34.510+0000] {dagbag.py:536} INFO - Filling up the DagBag from /opt/airflow/dags/outcomes_dag.py
[2023-11-21T00:16:34.842+0000] {processor.py:839} INFO - DAG(s) dict_keys(['outcomes_dag']) retrieved from /opt/airflow/dags/outcomes_dag.py
[2023-11-21T00:16:34.862+0000] {logging_mixin.py:154} INFO - [2023-11-21T00:16:34.862+0000] {dag.py:2941} INFO - Sync 1 DAGs
[2023-11-21T00:16:34.878+0000] {logging_mixin.py:154} INFO - [2023-11-21T00:16:34.877+0000] {dag.py:3722} INFO - Setting next_dagrun for outcomes_dag to 2023-11-21T00:00:00+00:00, run_after=2023-11-22T00:00:00+00:00
[2023-11-21T00:16:34.902+0000] {processor.py:179} INFO - Processing /opt/airflow/dags/outcomes_dag.py took 0.398 seconds
[2023-11-21T00:17:05.105+0000] {processor.py:157} INFO - Started process (PID=23448) to work on /opt/airflow/dags/outcomes_dag.py
[2023-11-21T00:17:05.106+0000] {processor.py:829} INFO - Processing file /opt/airflow/dags/outcomes_dag.py for tasks to queue
[2023-11-21T00:17:05.107+0000] {logging_mixin.py:154} INFO - [2023-11-21T00:17:05.107+0000] {dagbag.py:536} INFO - Filling up the DagBag from /opt/airflow/dags/outcomes_dag.py
[2023-11-21T00:17:05.439+0000] {processor.py:839} INFO - DAG(s) dict_keys(['outcomes_dag']) retrieved from /opt/airflow/dags/outcomes_dag.py
[2023-11-21T00:17:05.457+0000] {logging_mixin.py:154} INFO - [2023-11-21T00:17:05.457+0000] {dag.py:2941} INFO - Sync 1 DAGs
[2023-11-21T00:17:05.473+0000] {logging_mixin.py:154} INFO - [2023-11-21T00:17:05.473+0000] {dag.py:3722} INFO - Setting next_dagrun for outcomes_dag to 2023-11-21T00:00:00+00:00, run_after=2023-11-22T00:00:00+00:00
[2023-11-21T00:17:05.497+0000] {processor.py:179} INFO - Processing /opt/airflow/dags/outcomes_dag.py took 0.395 seconds
[2023-11-21T00:17:35.663+0000] {processor.py:157} INFO - Started process (PID=23459) to work on /opt/airflow/dags/outcomes_dag.py
[2023-11-21T00:17:35.676+0000] {processor.py:829} INFO - Processing file /opt/airflow/dags/outcomes_dag.py for tasks to queue
[2023-11-21T00:17:35.678+0000] {logging_mixin.py:154} INFO - [2023-11-21T00:17:35.677+0000] {dagbag.py:536} INFO - Filling up the DagBag from /opt/airflow/dags/outcomes_dag.py
[2023-11-21T00:17:36.032+0000] {processor.py:839} INFO - DAG(s) dict_keys(['outcomes_dag']) retrieved from /opt/airflow/dags/outcomes_dag.py
[2023-11-21T00:17:36.051+0000] {logging_mixin.py:154} INFO - [2023-11-21T00:17:36.051+0000] {dag.py:2941} INFO - Sync 1 DAGs
[2023-11-21T00:17:36.067+0000] {logging_mixin.py:154} INFO - [2023-11-21T00:17:36.067+0000] {dag.py:3722} INFO - Setting next_dagrun for outcomes_dag to 2023-11-21T00:00:00+00:00, run_after=2023-11-22T00:00:00+00:00
[2023-11-21T00:17:36.082+0000] {processor.py:179} INFO - Processing /opt/airflow/dags/outcomes_dag.py took 0.421 seconds
[2023-11-21T00:18:06.264+0000] {processor.py:157} INFO - Started process (PID=23470) to work on /opt/airflow/dags/outcomes_dag.py
[2023-11-21T00:18:06.265+0000] {processor.py:829} INFO - Processing file /opt/airflow/dags/outcomes_dag.py for tasks to queue
[2023-11-21T00:18:06.267+0000] {logging_mixin.py:154} INFO - [2023-11-21T00:18:06.267+0000] {dagbag.py:536} INFO - Filling up the DagBag from /opt/airflow/dags/outcomes_dag.py
[2023-11-21T00:18:06.632+0000] {processor.py:839} INFO - DAG(s) dict_keys(['outcomes_dag']) retrieved from /opt/airflow/dags/outcomes_dag.py
[2023-11-21T00:18:06.654+0000] {logging_mixin.py:154} INFO - [2023-11-21T00:18:06.654+0000] {dag.py:2941} INFO - Sync 1 DAGs
[2023-11-21T00:18:06.676+0000] {logging_mixin.py:154} INFO - [2023-11-21T00:18:06.676+0000] {dag.py:3722} INFO - Setting next_dagrun for outcomes_dag to 2023-11-21T00:00:00+00:00, run_after=2023-11-22T00:00:00+00:00
[2023-11-21T00:18:06.694+0000] {processor.py:179} INFO - Processing /opt/airflow/dags/outcomes_dag.py took 0.433 seconds
[2023-11-21T00:18:36.856+0000] {processor.py:157} INFO - Started process (PID=23489) to work on /opt/airflow/dags/outcomes_dag.py
[2023-11-21T00:18:36.857+0000] {processor.py:829} INFO - Processing file /opt/airflow/dags/outcomes_dag.py for tasks to queue
[2023-11-21T00:18:36.860+0000] {logging_mixin.py:154} INFO - [2023-11-21T00:18:36.860+0000] {dagbag.py:536} INFO - Filling up the DagBag from /opt/airflow/dags/outcomes_dag.py
[2023-11-21T00:18:37.208+0000] {processor.py:839} INFO - DAG(s) dict_keys(['outcomes_dag']) retrieved from /opt/airflow/dags/outcomes_dag.py
[2023-11-21T00:18:37.226+0000] {logging_mixin.py:154} INFO - [2023-11-21T00:18:37.225+0000] {dag.py:2941} INFO - Sync 1 DAGs
[2023-11-21T00:18:37.243+0000] {logging_mixin.py:154} INFO - [2023-11-21T00:18:37.243+0000] {dag.py:3722} INFO - Setting next_dagrun for outcomes_dag to 2023-11-21T00:00:00+00:00, run_after=2023-11-22T00:00:00+00:00
[2023-11-21T00:18:37.266+0000] {processor.py:179} INFO - Processing /opt/airflow/dags/outcomes_dag.py took 0.413 seconds
[2023-11-21T00:19:07.471+0000] {processor.py:157} INFO - Started process (PID=23500) to work on /opt/airflow/dags/outcomes_dag.py
[2023-11-21T00:19:07.472+0000] {processor.py:829} INFO - Processing file /opt/airflow/dags/outcomes_dag.py for tasks to queue
[2023-11-21T00:19:07.474+0000] {logging_mixin.py:154} INFO - [2023-11-21T00:19:07.474+0000] {dagbag.py:536} INFO - Filling up the DagBag from /opt/airflow/dags/outcomes_dag.py
[2023-11-21T00:19:07.830+0000] {processor.py:839} INFO - DAG(s) dict_keys(['outcomes_dag']) retrieved from /opt/airflow/dags/outcomes_dag.py
[2023-11-21T00:19:07.859+0000] {logging_mixin.py:154} INFO - [2023-11-21T00:19:07.858+0000] {dag.py:2941} INFO - Sync 1 DAGs
[2023-11-21T00:19:07.878+0000] {logging_mixin.py:154} INFO - [2023-11-21T00:19:07.878+0000] {dag.py:3722} INFO - Setting next_dagrun for outcomes_dag to 2023-11-21T00:00:00+00:00, run_after=2023-11-22T00:00:00+00:00
[2023-11-21T00:19:07.897+0000] {processor.py:179} INFO - Processing /opt/airflow/dags/outcomes_dag.py took 0.428 seconds
[2023-11-21T00:19:38.066+0000] {processor.py:157} INFO - Started process (PID=23512) to work on /opt/airflow/dags/outcomes_dag.py
[2023-11-21T00:19:38.068+0000] {processor.py:829} INFO - Processing file /opt/airflow/dags/outcomes_dag.py for tasks to queue
[2023-11-21T00:19:38.069+0000] {logging_mixin.py:154} INFO - [2023-11-21T00:19:38.069+0000] {dagbag.py:536} INFO - Filling up the DagBag from /opt/airflow/dags/outcomes_dag.py
[2023-11-21T00:19:38.474+0000] {processor.py:839} INFO - DAG(s) dict_keys(['outcomes_dag']) retrieved from /opt/airflow/dags/outcomes_dag.py
[2023-11-21T00:19:38.495+0000] {logging_mixin.py:154} INFO - [2023-11-21T00:19:38.495+0000] {dag.py:2941} INFO - Sync 1 DAGs
[2023-11-21T00:19:38.512+0000] {logging_mixin.py:154} INFO - [2023-11-21T00:19:38.512+0000] {dag.py:3722} INFO - Setting next_dagrun for outcomes_dag to 2023-11-21T00:00:00+00:00, run_after=2023-11-22T00:00:00+00:00
[2023-11-21T00:19:38.526+0000] {processor.py:179} INFO - Processing /opt/airflow/dags/outcomes_dag.py took 0.462 seconds
[2023-11-21T00:20:08.732+0000] {processor.py:157} INFO - Started process (PID=23524) to work on /opt/airflow/dags/outcomes_dag.py
[2023-11-21T00:20:08.732+0000] {processor.py:829} INFO - Processing file /opt/airflow/dags/outcomes_dag.py for tasks to queue
[2023-11-21T00:20:08.734+0000] {logging_mixin.py:154} INFO - [2023-11-21T00:20:08.734+0000] {dagbag.py:536} INFO - Filling up the DagBag from /opt/airflow/dags/outcomes_dag.py
[2023-11-21T00:20:09.117+0000] {processor.py:839} INFO - DAG(s) dict_keys(['outcomes_dag']) retrieved from /opt/airflow/dags/outcomes_dag.py
[2023-11-21T00:20:09.137+0000] {logging_mixin.py:154} INFO - [2023-11-21T00:20:09.137+0000] {dag.py:2941} INFO - Sync 1 DAGs
[2023-11-21T00:20:09.155+0000] {logging_mixin.py:154} INFO - [2023-11-21T00:20:09.154+0000] {dag.py:3722} INFO - Setting next_dagrun for outcomes_dag to 2023-11-21T00:00:00+00:00, run_after=2023-11-22T00:00:00+00:00
[2023-11-21T00:20:09.171+0000] {processor.py:179} INFO - Processing /opt/airflow/dags/outcomes_dag.py took 0.442 seconds
[2023-11-21T00:20:39.337+0000] {processor.py:157} INFO - Started process (PID=23535) to work on /opt/airflow/dags/outcomes_dag.py
[2023-11-21T00:20:39.349+0000] {processor.py:829} INFO - Processing file /opt/airflow/dags/outcomes_dag.py for tasks to queue
[2023-11-21T00:20:39.351+0000] {logging_mixin.py:154} INFO - [2023-11-21T00:20:39.350+0000] {dagbag.py:536} INFO - Filling up the DagBag from /opt/airflow/dags/outcomes_dag.py
[2023-11-21T00:20:39.696+0000] {processor.py:839} INFO - DAG(s) dict_keys(['outcomes_dag']) retrieved from /opt/airflow/dags/outcomes_dag.py
[2023-11-21T00:20:39.775+0000] {logging_mixin.py:154} INFO - [2023-11-21T00:20:39.775+0000] {dag.py:2941} INFO - Sync 1 DAGs
[2023-11-21T00:20:39.799+0000] {logging_mixin.py:154} INFO - [2023-11-21T00:20:39.799+0000] {dag.py:3722} INFO - Setting next_dagrun for outcomes_dag to 2023-11-21T00:00:00+00:00, run_after=2023-11-22T00:00:00+00:00
[2023-11-21T00:20:39.816+0000] {processor.py:179} INFO - Processing /opt/airflow/dags/outcomes_dag.py took 0.482 seconds
[2023-11-21T00:21:09.973+0000] {processor.py:157} INFO - Started process (PID=23547) to work on /opt/airflow/dags/outcomes_dag.py
[2023-11-21T00:21:09.974+0000] {processor.py:829} INFO - Processing file /opt/airflow/dags/outcomes_dag.py for tasks to queue
[2023-11-21T00:21:09.976+0000] {logging_mixin.py:154} INFO - [2023-11-21T00:21:09.975+0000] {dagbag.py:536} INFO - Filling up the DagBag from /opt/airflow/dags/outcomes_dag.py
[2023-11-21T00:21:10.361+0000] {processor.py:839} INFO - DAG(s) dict_keys(['outcomes_dag']) retrieved from /opt/airflow/dags/outcomes_dag.py
[2023-11-21T00:21:10.381+0000] {logging_mixin.py:154} INFO - [2023-11-21T00:21:10.381+0000] {dag.py:2941} INFO - Sync 1 DAGs
[2023-11-21T00:21:10.398+0000] {logging_mixin.py:154} INFO - [2023-11-21T00:21:10.398+0000] {dag.py:3722} INFO - Setting next_dagrun for outcomes_dag to 2023-11-21T00:00:00+00:00, run_after=2023-11-22T00:00:00+00:00
[2023-11-21T00:21:10.411+0000] {processor.py:179} INFO - Processing /opt/airflow/dags/outcomes_dag.py took 0.441 seconds
[2023-11-21T00:21:40.573+0000] {processor.py:157} INFO - Started process (PID=23559) to work on /opt/airflow/dags/outcomes_dag.py
[2023-11-21T00:21:40.574+0000] {processor.py:829} INFO - Processing file /opt/airflow/dags/outcomes_dag.py for tasks to queue
[2023-11-21T00:21:40.577+0000] {logging_mixin.py:154} INFO - [2023-11-21T00:21:40.576+0000] {dagbag.py:536} INFO - Filling up the DagBag from /opt/airflow/dags/outcomes_dag.py
[2023-11-21T00:21:40.925+0000] {processor.py:839} INFO - DAG(s) dict_keys(['outcomes_dag']) retrieved from /opt/airflow/dags/outcomes_dag.py
[2023-11-21T00:21:40.942+0000] {logging_mixin.py:154} INFO - [2023-11-21T00:21:40.942+0000] {dag.py:2941} INFO - Sync 1 DAGs
[2023-11-21T00:21:40.959+0000] {logging_mixin.py:154} INFO - [2023-11-21T00:21:40.959+0000] {dag.py:3722} INFO - Setting next_dagrun for outcomes_dag to 2023-11-21T00:00:00+00:00, run_after=2023-11-22T00:00:00+00:00
[2023-11-21T00:21:40.985+0000] {processor.py:179} INFO - Processing /opt/airflow/dags/outcomes_dag.py took 0.416 seconds
[2023-11-21T00:22:11.163+0000] {processor.py:157} INFO - Started process (PID=23571) to work on /opt/airflow/dags/outcomes_dag.py
[2023-11-21T00:22:11.164+0000] {processor.py:829} INFO - Processing file /opt/airflow/dags/outcomes_dag.py for tasks to queue
[2023-11-21T00:22:11.166+0000] {logging_mixin.py:154} INFO - [2023-11-21T00:22:11.166+0000] {dagbag.py:536} INFO - Filling up the DagBag from /opt/airflow/dags/outcomes_dag.py
[2023-11-21T00:22:11.506+0000] {processor.py:839} INFO - DAG(s) dict_keys(['outcomes_dag']) retrieved from /opt/airflow/dags/outcomes_dag.py
[2023-11-21T00:22:11.527+0000] {logging_mixin.py:154} INFO - [2023-11-21T00:22:11.527+0000] {dag.py:2941} INFO - Sync 1 DAGs
[2023-11-21T00:22:11.542+0000] {logging_mixin.py:154} INFO - [2023-11-21T00:22:11.542+0000] {dag.py:3722} INFO - Setting next_dagrun for outcomes_dag to 2023-11-21T00:00:00+00:00, run_after=2023-11-22T00:00:00+00:00
[2023-11-21T00:22:11.558+0000] {processor.py:179} INFO - Processing /opt/airflow/dags/outcomes_dag.py took 0.398 seconds
[2023-11-21T00:22:41.704+0000] {processor.py:157} INFO - Started process (PID=23583) to work on /opt/airflow/dags/outcomes_dag.py
[2023-11-21T00:22:41.706+0000] {processor.py:829} INFO - Processing file /opt/airflow/dags/outcomes_dag.py for tasks to queue
[2023-11-21T00:22:41.707+0000] {logging_mixin.py:154} INFO - [2023-11-21T00:22:41.707+0000] {dagbag.py:536} INFO - Filling up the DagBag from /opt/airflow/dags/outcomes_dag.py
[2023-11-21T00:22:42.072+0000] {processor.py:839} INFO - DAG(s) dict_keys(['outcomes_dag']) retrieved from /opt/airflow/dags/outcomes_dag.py
[2023-11-21T00:22:42.091+0000] {logging_mixin.py:154} INFO - [2023-11-21T00:22:42.091+0000] {dag.py:2941} INFO - Sync 1 DAGs
[2023-11-21T00:22:42.107+0000] {logging_mixin.py:154} INFO - [2023-11-21T00:22:42.106+0000] {dag.py:3722} INFO - Setting next_dagrun for outcomes_dag to 2023-11-21T00:00:00+00:00, run_after=2023-11-22T00:00:00+00:00
[2023-11-21T00:22:42.121+0000] {processor.py:179} INFO - Processing /opt/airflow/dags/outcomes_dag.py took 0.420 seconds
[2023-11-21T00:23:12.307+0000] {processor.py:157} INFO - Started process (PID=23595) to work on /opt/airflow/dags/outcomes_dag.py
[2023-11-21T00:23:12.308+0000] {processor.py:829} INFO - Processing file /opt/airflow/dags/outcomes_dag.py for tasks to queue
[2023-11-21T00:23:12.310+0000] {logging_mixin.py:154} INFO - [2023-11-21T00:23:12.310+0000] {dagbag.py:536} INFO - Filling up the DagBag from /opt/airflow/dags/outcomes_dag.py
[2023-11-21T00:23:12.653+0000] {processor.py:839} INFO - DAG(s) dict_keys(['outcomes_dag']) retrieved from /opt/airflow/dags/outcomes_dag.py
[2023-11-21T00:23:12.672+0000] {logging_mixin.py:154} INFO - [2023-11-21T00:23:12.672+0000] {dag.py:2941} INFO - Sync 1 DAGs
[2023-11-21T00:23:12.687+0000] {logging_mixin.py:154} INFO - [2023-11-21T00:23:12.687+0000] {dag.py:3722} INFO - Setting next_dagrun for outcomes_dag to 2023-11-21T00:00:00+00:00, run_after=2023-11-22T00:00:00+00:00
[2023-11-21T00:23:12.714+0000] {processor.py:179} INFO - Processing /opt/airflow/dags/outcomes_dag.py took 0.409 seconds
[2023-11-21T00:23:42.932+0000] {processor.py:157} INFO - Started process (PID=23606) to work on /opt/airflow/dags/outcomes_dag.py
[2023-11-21T00:23:42.933+0000] {processor.py:829} INFO - Processing file /opt/airflow/dags/outcomes_dag.py for tasks to queue
[2023-11-21T00:23:42.935+0000] {logging_mixin.py:154} INFO - [2023-11-21T00:23:42.935+0000] {dagbag.py:536} INFO - Filling up the DagBag from /opt/airflow/dags/outcomes_dag.py
[2023-11-21T00:23:43.282+0000] {processor.py:839} INFO - DAG(s) dict_keys(['outcomes_dag']) retrieved from /opt/airflow/dags/outcomes_dag.py
[2023-11-21T00:23:43.303+0000] {logging_mixin.py:154} INFO - [2023-11-21T00:23:43.303+0000] {dag.py:2941} INFO - Sync 1 DAGs
[2023-11-21T00:23:43.320+0000] {logging_mixin.py:154} INFO - [2023-11-21T00:23:43.320+0000] {dag.py:3722} INFO - Setting next_dagrun for outcomes_dag to 2023-11-21T00:00:00+00:00, run_after=2023-11-22T00:00:00+00:00
[2023-11-21T00:23:43.335+0000] {processor.py:179} INFO - Processing /opt/airflow/dags/outcomes_dag.py took 0.406 seconds
[2023-11-21T00:24:14.098+0000] {processor.py:157} INFO - Started process (PID=23618) to work on /opt/airflow/dags/outcomes_dag.py
[2023-11-21T00:24:14.099+0000] {processor.py:829} INFO - Processing file /opt/airflow/dags/outcomes_dag.py for tasks to queue
[2023-11-21T00:24:14.102+0000] {logging_mixin.py:154} INFO - [2023-11-21T00:24:14.102+0000] {dagbag.py:536} INFO - Filling up the DagBag from /opt/airflow/dags/outcomes_dag.py
[2023-11-21T00:24:14.630+0000] {processor.py:839} INFO - DAG(s) dict_keys(['outcomes_dag']) retrieved from /opt/airflow/dags/outcomes_dag.py
[2023-11-21T00:24:14.651+0000] {logging_mixin.py:154} INFO - [2023-11-21T00:24:14.651+0000] {dag.py:2941} INFO - Sync 1 DAGs
[2023-11-21T00:24:14.673+0000] {logging_mixin.py:154} INFO - [2023-11-21T00:24:14.672+0000] {dag.py:3722} INFO - Setting next_dagrun for outcomes_dag to 2023-11-21T00:00:00+00:00, run_after=2023-11-22T00:00:00+00:00
[2023-11-21T00:24:14.688+0000] {processor.py:179} INFO - Processing /opt/airflow/dags/outcomes_dag.py took 0.593 seconds
[2023-11-21T00:24:44.759+0000] {processor.py:157} INFO - Started process (PID=23630) to work on /opt/airflow/dags/outcomes_dag.py
[2023-11-21T00:24:44.759+0000] {processor.py:829} INFO - Processing file /opt/airflow/dags/outcomes_dag.py for tasks to queue
[2023-11-21T00:24:44.761+0000] {logging_mixin.py:154} INFO - [2023-11-21T00:24:44.761+0000] {dagbag.py:536} INFO - Filling up the DagBag from /opt/airflow/dags/outcomes_dag.py
[2023-11-21T00:24:45.135+0000] {processor.py:839} INFO - DAG(s) dict_keys(['outcomes_dag']) retrieved from /opt/airflow/dags/outcomes_dag.py
[2023-11-21T00:24:45.155+0000] {logging_mixin.py:154} INFO - [2023-11-21T00:24:45.155+0000] {dag.py:2941} INFO - Sync 1 DAGs
[2023-11-21T00:24:45.170+0000] {logging_mixin.py:154} INFO - [2023-11-21T00:24:45.170+0000] {dag.py:3722} INFO - Setting next_dagrun for outcomes_dag to 2023-11-21T00:00:00+00:00, run_after=2023-11-22T00:00:00+00:00
[2023-11-21T00:24:45.196+0000] {processor.py:179} INFO - Processing /opt/airflow/dags/outcomes_dag.py took 0.441 seconds
[2023-11-21T00:25:15.362+0000] {processor.py:157} INFO - Started process (PID=23641) to work on /opt/airflow/dags/outcomes_dag.py
[2023-11-21T00:25:15.364+0000] {processor.py:829} INFO - Processing file /opt/airflow/dags/outcomes_dag.py for tasks to queue
[2023-11-21T00:25:15.366+0000] {logging_mixin.py:154} INFO - [2023-11-21T00:25:15.365+0000] {dagbag.py:536} INFO - Filling up the DagBag from /opt/airflow/dags/outcomes_dag.py
[2023-11-21T00:25:15.719+0000] {processor.py:839} INFO - DAG(s) dict_keys(['outcomes_dag']) retrieved from /opt/airflow/dags/outcomes_dag.py
[2023-11-21T00:25:15.741+0000] {logging_mixin.py:154} INFO - [2023-11-21T00:25:15.741+0000] {dag.py:2941} INFO - Sync 1 DAGs
[2023-11-21T00:25:15.757+0000] {logging_mixin.py:154} INFO - [2023-11-21T00:25:15.756+0000] {dag.py:3722} INFO - Setting next_dagrun for outcomes_dag to 2023-11-21T00:00:00+00:00, run_after=2023-11-22T00:00:00+00:00
[2023-11-21T00:25:15.770+0000] {processor.py:179} INFO - Processing /opt/airflow/dags/outcomes_dag.py took 0.411 seconds
[2023-11-21T00:25:45.947+0000] {processor.py:157} INFO - Started process (PID=23653) to work on /opt/airflow/dags/outcomes_dag.py
[2023-11-21T00:25:45.948+0000] {processor.py:829} INFO - Processing file /opt/airflow/dags/outcomes_dag.py for tasks to queue
[2023-11-21T00:25:45.949+0000] {logging_mixin.py:154} INFO - [2023-11-21T00:25:45.949+0000] {dagbag.py:536} INFO - Filling up the DagBag from /opt/airflow/dags/outcomes_dag.py
[2023-11-21T00:25:46.293+0000] {processor.py:839} INFO - DAG(s) dict_keys(['outcomes_dag']) retrieved from /opt/airflow/dags/outcomes_dag.py
[2023-11-21T00:25:46.311+0000] {logging_mixin.py:154} INFO - [2023-11-21T00:25:46.311+0000] {dag.py:2941} INFO - Sync 1 DAGs
[2023-11-21T00:25:46.326+0000] {logging_mixin.py:154} INFO - [2023-11-21T00:25:46.326+0000] {dag.py:3722} INFO - Setting next_dagrun for outcomes_dag to 2023-11-21T00:00:00+00:00, run_after=2023-11-22T00:00:00+00:00
[2023-11-21T00:25:46.352+0000] {processor.py:179} INFO - Processing /opt/airflow/dags/outcomes_dag.py took 0.409 seconds
[2023-11-21T00:26:16.523+0000] {processor.py:157} INFO - Started process (PID=23664) to work on /opt/airflow/dags/outcomes_dag.py
[2023-11-21T00:26:16.536+0000] {processor.py:829} INFO - Processing file /opt/airflow/dags/outcomes_dag.py for tasks to queue
[2023-11-21T00:26:16.537+0000] {logging_mixin.py:154} INFO - [2023-11-21T00:26:16.537+0000] {dagbag.py:536} INFO - Filling up the DagBag from /opt/airflow/dags/outcomes_dag.py
[2023-11-21T00:26:16.880+0000] {processor.py:839} INFO - DAG(s) dict_keys(['outcomes_dag']) retrieved from /opt/airflow/dags/outcomes_dag.py
[2023-11-21T00:26:16.899+0000] {logging_mixin.py:154} INFO - [2023-11-21T00:26:16.899+0000] {dag.py:2941} INFO - Sync 1 DAGs
[2023-11-21T00:26:16.915+0000] {logging_mixin.py:154} INFO - [2023-11-21T00:26:16.915+0000] {dag.py:3722} INFO - Setting next_dagrun for outcomes_dag to 2023-11-21T00:00:00+00:00, run_after=2023-11-22T00:00:00+00:00
[2023-11-21T00:26:16.943+0000] {processor.py:179} INFO - Processing /opt/airflow/dags/outcomes_dag.py took 0.422 seconds
[2023-11-21T00:26:47.117+0000] {processor.py:157} INFO - Started process (PID=23675) to work on /opt/airflow/dags/outcomes_dag.py
[2023-11-21T00:26:47.117+0000] {processor.py:829} INFO - Processing file /opt/airflow/dags/outcomes_dag.py for tasks to queue
[2023-11-21T00:26:47.119+0000] {logging_mixin.py:154} INFO - [2023-11-21T00:26:47.119+0000] {dagbag.py:536} INFO - Filling up the DagBag from /opt/airflow/dags/outcomes_dag.py
[2023-11-21T00:26:47.461+0000] {processor.py:839} INFO - DAG(s) dict_keys(['outcomes_dag']) retrieved from /opt/airflow/dags/outcomes_dag.py
[2023-11-21T00:26:47.480+0000] {logging_mixin.py:154} INFO - [2023-11-21T00:26:47.479+0000] {dag.py:2941} INFO - Sync 1 DAGs
[2023-11-21T00:26:47.496+0000] {logging_mixin.py:154} INFO - [2023-11-21T00:26:47.496+0000] {dag.py:3722} INFO - Setting next_dagrun for outcomes_dag to 2023-11-21T00:00:00+00:00, run_after=2023-11-22T00:00:00+00:00
[2023-11-21T00:26:47.522+0000] {processor.py:179} INFO - Processing /opt/airflow/dags/outcomes_dag.py took 0.408 seconds
[2023-11-21T00:27:17.696+0000] {processor.py:157} INFO - Started process (PID=23686) to work on /opt/airflow/dags/outcomes_dag.py
[2023-11-21T00:27:17.708+0000] {processor.py:829} INFO - Processing file /opt/airflow/dags/outcomes_dag.py for tasks to queue
[2023-11-21T00:27:17.711+0000] {logging_mixin.py:154} INFO - [2023-11-21T00:27:17.711+0000] {dagbag.py:536} INFO - Filling up the DagBag from /opt/airflow/dags/outcomes_dag.py
[2023-11-21T00:27:18.050+0000] {processor.py:839} INFO - DAG(s) dict_keys(['outcomes_dag']) retrieved from /opt/airflow/dags/outcomes_dag.py
[2023-11-21T00:27:18.069+0000] {logging_mixin.py:154} INFO - [2023-11-21T00:27:18.069+0000] {dag.py:2941} INFO - Sync 1 DAGs
[2023-11-21T00:27:18.085+0000] {logging_mixin.py:154} INFO - [2023-11-21T00:27:18.085+0000] {dag.py:3722} INFO - Setting next_dagrun for outcomes_dag to 2023-11-21T00:00:00+00:00, run_after=2023-11-22T00:00:00+00:00
[2023-11-21T00:27:18.111+0000] {processor.py:179} INFO - Processing /opt/airflow/dags/outcomes_dag.py took 0.417 seconds
[2023-11-21T00:27:48.298+0000] {processor.py:157} INFO - Started process (PID=23697) to work on /opt/airflow/dags/outcomes_dag.py
[2023-11-21T00:27:48.299+0000] {processor.py:829} INFO - Processing file /opt/airflow/dags/outcomes_dag.py for tasks to queue
[2023-11-21T00:27:48.302+0000] {logging_mixin.py:154} INFO - [2023-11-21T00:27:48.302+0000] {dagbag.py:536} INFO - Filling up the DagBag from /opt/airflow/dags/outcomes_dag.py
[2023-11-21T00:27:48.663+0000] {processor.py:839} INFO - DAG(s) dict_keys(['outcomes_dag']) retrieved from /opt/airflow/dags/outcomes_dag.py
[2023-11-21T00:27:48.681+0000] {logging_mixin.py:154} INFO - [2023-11-21T00:27:48.681+0000] {dag.py:2941} INFO - Sync 1 DAGs
[2023-11-21T00:27:48.698+0000] {logging_mixin.py:154} INFO - [2023-11-21T00:27:48.697+0000] {dag.py:3722} INFO - Setting next_dagrun for outcomes_dag to 2023-11-21T00:00:00+00:00, run_after=2023-11-22T00:00:00+00:00
[2023-11-21T00:27:48.724+0000] {processor.py:179} INFO - Processing /opt/airflow/dags/outcomes_dag.py took 0.430 seconds
[2023-11-21T00:28:18.898+0000] {processor.py:157} INFO - Started process (PID=23708) to work on /opt/airflow/dags/outcomes_dag.py
[2023-11-21T00:28:18.900+0000] {processor.py:829} INFO - Processing file /opt/airflow/dags/outcomes_dag.py for tasks to queue
[2023-11-21T00:28:18.902+0000] {logging_mixin.py:154} INFO - [2023-11-21T00:28:18.902+0000] {dagbag.py:536} INFO - Filling up the DagBag from /opt/airflow/dags/outcomes_dag.py
[2023-11-21T00:28:19.265+0000] {processor.py:839} INFO - DAG(s) dict_keys(['outcomes_dag']) retrieved from /opt/airflow/dags/outcomes_dag.py
[2023-11-21T00:28:19.284+0000] {logging_mixin.py:154} INFO - [2023-11-21T00:28:19.284+0000] {dag.py:2941} INFO - Sync 1 DAGs
[2023-11-21T00:28:19.302+0000] {logging_mixin.py:154} INFO - [2023-11-21T00:28:19.302+0000] {dag.py:3722} INFO - Setting next_dagrun for outcomes_dag to 2023-11-21T00:00:00+00:00, run_after=2023-11-22T00:00:00+00:00
[2023-11-21T00:28:19.316+0000] {processor.py:179} INFO - Processing /opt/airflow/dags/outcomes_dag.py took 0.421 seconds
[2023-11-21T00:28:49.487+0000] {processor.py:157} INFO - Started process (PID=23720) to work on /opt/airflow/dags/outcomes_dag.py
[2023-11-21T00:28:49.488+0000] {processor.py:829} INFO - Processing file /opt/airflow/dags/outcomes_dag.py for tasks to queue
[2023-11-21T00:28:49.490+0000] {logging_mixin.py:154} INFO - [2023-11-21T00:28:49.490+0000] {dagbag.py:536} INFO - Filling up the DagBag from /opt/airflow/dags/outcomes_dag.py
[2023-11-21T00:28:49.939+0000] {processor.py:839} INFO - DAG(s) dict_keys(['outcomes_dag']) retrieved from /opt/airflow/dags/outcomes_dag.py
[2023-11-21T00:28:49.958+0000] {logging_mixin.py:154} INFO - [2023-11-21T00:28:49.958+0000] {dag.py:2941} INFO - Sync 1 DAGs
[2023-11-21T00:28:49.974+0000] {logging_mixin.py:154} INFO - [2023-11-21T00:28:49.974+0000] {dag.py:3722} INFO - Setting next_dagrun for outcomes_dag to 2023-11-21T00:00:00+00:00, run_after=2023-11-22T00:00:00+00:00
[2023-11-21T00:28:49.999+0000] {processor.py:179} INFO - Processing /opt/airflow/dags/outcomes_dag.py took 0.515 seconds
[2023-11-21T00:29:20.167+0000] {processor.py:157} INFO - Started process (PID=23732) to work on /opt/airflow/dags/outcomes_dag.py
[2023-11-21T00:29:20.180+0000] {processor.py:829} INFO - Processing file /opt/airflow/dags/outcomes_dag.py for tasks to queue
[2023-11-21T00:29:20.183+0000] {logging_mixin.py:154} INFO - [2023-11-21T00:29:20.182+0000] {dagbag.py:536} INFO - Filling up the DagBag from /opt/airflow/dags/outcomes_dag.py
[2023-11-21T00:29:20.506+0000] {processor.py:839} INFO - DAG(s) dict_keys(['outcomes_dag']) retrieved from /opt/airflow/dags/outcomes_dag.py
[2023-11-21T00:29:20.524+0000] {logging_mixin.py:154} INFO - [2023-11-21T00:29:20.524+0000] {dag.py:2941} INFO - Sync 1 DAGs
[2023-11-21T00:29:20.539+0000] {logging_mixin.py:154} INFO - [2023-11-21T00:29:20.538+0000] {dag.py:3722} INFO - Setting next_dagrun for outcomes_dag to 2023-11-21T00:00:00+00:00, run_after=2023-11-22T00:00:00+00:00
[2023-11-21T00:29:20.564+0000] {processor.py:179} INFO - Processing /opt/airflow/dags/outcomes_dag.py took 0.401 seconds
[2023-11-21T00:29:50.727+0000] {processor.py:157} INFO - Started process (PID=23744) to work on /opt/airflow/dags/outcomes_dag.py
[2023-11-21T00:29:50.727+0000] {processor.py:829} INFO - Processing file /opt/airflow/dags/outcomes_dag.py for tasks to queue
[2023-11-21T00:29:50.730+0000] {logging_mixin.py:154} INFO - [2023-11-21T00:29:50.729+0000] {dagbag.py:536} INFO - Filling up the DagBag from /opt/airflow/dags/outcomes_dag.py
[2023-11-21T00:29:51.161+0000] {processor.py:839} INFO - DAG(s) dict_keys(['outcomes_dag']) retrieved from /opt/airflow/dags/outcomes_dag.py
[2023-11-21T00:29:51.184+0000] {logging_mixin.py:154} INFO - [2023-11-21T00:29:51.184+0000] {dag.py:2941} INFO - Sync 1 DAGs
[2023-11-21T00:29:51.204+0000] {logging_mixin.py:154} INFO - [2023-11-21T00:29:51.204+0000] {dag.py:3722} INFO - Setting next_dagrun for outcomes_dag to 2023-11-21T00:00:00+00:00, run_after=2023-11-22T00:00:00+00:00
[2023-11-21T00:29:51.220+0000] {processor.py:179} INFO - Processing /opt/airflow/dags/outcomes_dag.py took 0.496 seconds
[2023-11-21T00:30:21.362+0000] {processor.py:157} INFO - Started process (PID=23756) to work on /opt/airflow/dags/outcomes_dag.py
[2023-11-21T00:30:21.363+0000] {processor.py:829} INFO - Processing file /opt/airflow/dags/outcomes_dag.py for tasks to queue
[2023-11-21T00:30:21.366+0000] {logging_mixin.py:154} INFO - [2023-11-21T00:30:21.365+0000] {dagbag.py:536} INFO - Filling up the DagBag from /opt/airflow/dags/outcomes_dag.py
[2023-11-21T00:30:21.791+0000] {processor.py:839} INFO - DAG(s) dict_keys(['outcomes_dag']) retrieved from /opt/airflow/dags/outcomes_dag.py
[2023-11-21T00:30:21.815+0000] {logging_mixin.py:154} INFO - [2023-11-21T00:30:21.814+0000] {dag.py:2941} INFO - Sync 1 DAGs
[2023-11-21T00:30:21.834+0000] {logging_mixin.py:154} INFO - [2023-11-21T00:30:21.834+0000] {dag.py:3722} INFO - Setting next_dagrun for outcomes_dag to 2023-11-21T00:00:00+00:00, run_after=2023-11-22T00:00:00+00:00
[2023-11-21T00:30:21.852+0000] {processor.py:179} INFO - Processing /opt/airflow/dags/outcomes_dag.py took 0.493 seconds
[2023-11-21T00:30:52.002+0000] {processor.py:157} INFO - Started process (PID=23767) to work on /opt/airflow/dags/outcomes_dag.py
[2023-11-21T00:30:52.003+0000] {processor.py:829} INFO - Processing file /opt/airflow/dags/outcomes_dag.py for tasks to queue
[2023-11-21T00:30:52.005+0000] {logging_mixin.py:154} INFO - [2023-11-21T00:30:52.005+0000] {dagbag.py:536} INFO - Filling up the DagBag from /opt/airflow/dags/outcomes_dag.py
[2023-11-21T00:30:52.475+0000] {processor.py:839} INFO - DAG(s) dict_keys(['outcomes_dag']) retrieved from /opt/airflow/dags/outcomes_dag.py
[2023-11-21T00:30:52.499+0000] {logging_mixin.py:154} INFO - [2023-11-21T00:30:52.499+0000] {dag.py:2941} INFO - Sync 1 DAGs
[2023-11-21T00:30:52.521+0000] {logging_mixin.py:154} INFO - [2023-11-21T00:30:52.521+0000] {dag.py:3722} INFO - Setting next_dagrun for outcomes_dag to 2023-11-21T00:00:00+00:00, run_after=2023-11-22T00:00:00+00:00
[2023-11-21T00:30:52.540+0000] {processor.py:179} INFO - Processing /opt/airflow/dags/outcomes_dag.py took 0.543 seconds
[2023-11-21T00:31:22.686+0000] {processor.py:157} INFO - Started process (PID=23778) to work on /opt/airflow/dags/outcomes_dag.py
[2023-11-21T00:31:22.688+0000] {processor.py:829} INFO - Processing file /opt/airflow/dags/outcomes_dag.py for tasks to queue
[2023-11-21T00:31:22.690+0000] {logging_mixin.py:154} INFO - [2023-11-21T00:31:22.689+0000] {dagbag.py:536} INFO - Filling up the DagBag from /opt/airflow/dags/outcomes_dag.py
[2023-11-21T00:31:23.102+0000] {processor.py:839} INFO - DAG(s) dict_keys(['outcomes_dag']) retrieved from /opt/airflow/dags/outcomes_dag.py
[2023-11-21T00:31:23.124+0000] {logging_mixin.py:154} INFO - [2023-11-21T00:31:23.124+0000] {dag.py:2941} INFO - Sync 1 DAGs
[2023-11-21T00:31:23.143+0000] {logging_mixin.py:154} INFO - [2023-11-21T00:31:23.142+0000] {dag.py:3722} INFO - Setting next_dagrun for outcomes_dag to 2023-11-21T00:00:00+00:00, run_after=2023-11-22T00:00:00+00:00
[2023-11-21T00:31:23.160+0000] {processor.py:179} INFO - Processing /opt/airflow/dags/outcomes_dag.py took 0.477 seconds
[2023-11-21T00:31:53.300+0000] {processor.py:157} INFO - Started process (PID=23789) to work on /opt/airflow/dags/outcomes_dag.py
[2023-11-21T00:31:53.301+0000] {processor.py:829} INFO - Processing file /opt/airflow/dags/outcomes_dag.py for tasks to queue
[2023-11-21T00:31:53.303+0000] {logging_mixin.py:154} INFO - [2023-11-21T00:31:53.303+0000] {dagbag.py:536} INFO - Filling up the DagBag from /opt/airflow/dags/outcomes_dag.py
[2023-11-21T00:31:53.714+0000] {processor.py:839} INFO - DAG(s) dict_keys(['outcomes_dag']) retrieved from /opt/airflow/dags/outcomes_dag.py
[2023-11-21T00:31:53.735+0000] {logging_mixin.py:154} INFO - [2023-11-21T00:31:53.735+0000] {dag.py:2941} INFO - Sync 1 DAGs
[2023-11-21T00:31:53.755+0000] {logging_mixin.py:154} INFO - [2023-11-21T00:31:53.755+0000] {dag.py:3722} INFO - Setting next_dagrun for outcomes_dag to 2023-11-21T00:00:00+00:00, run_after=2023-11-22T00:00:00+00:00
[2023-11-21T00:31:53.777+0000] {processor.py:179} INFO - Processing /opt/airflow/dags/outcomes_dag.py took 0.480 seconds
[2023-11-21T00:32:23.941+0000] {processor.py:157} INFO - Started process (PID=23800) to work on /opt/airflow/dags/outcomes_dag.py
[2023-11-21T00:32:23.941+0000] {processor.py:829} INFO - Processing file /opt/airflow/dags/outcomes_dag.py for tasks to queue
[2023-11-21T00:32:23.943+0000] {logging_mixin.py:154} INFO - [2023-11-21T00:32:23.943+0000] {dagbag.py:536} INFO - Filling up the DagBag from /opt/airflow/dags/outcomes_dag.py
[2023-11-21T00:32:24.283+0000] {processor.py:839} INFO - DAG(s) dict_keys(['outcomes_dag']) retrieved from /opt/airflow/dags/outcomes_dag.py
[2023-11-21T00:32:24.301+0000] {logging_mixin.py:154} INFO - [2023-11-21T00:32:24.301+0000] {dag.py:2941} INFO - Sync 1 DAGs
[2023-11-21T00:32:24.317+0000] {logging_mixin.py:154} INFO - [2023-11-21T00:32:24.317+0000] {dag.py:3722} INFO - Setting next_dagrun for outcomes_dag to 2023-11-21T00:00:00+00:00, run_after=2023-11-22T00:00:00+00:00
[2023-11-21T00:32:24.343+0000] {processor.py:179} INFO - Processing /opt/airflow/dags/outcomes_dag.py took 0.405 seconds
[2023-11-21T04:32:54.391+0000] {processor.py:157} INFO - Started process (PID=23803) to work on /opt/airflow/dags/outcomes_dag.py
[2023-11-21T04:32:54.401+0000] {processor.py:829} INFO - Processing file /opt/airflow/dags/outcomes_dag.py for tasks to queue
[2023-11-21T04:32:54.406+0000] {logging_mixin.py:154} INFO - [2023-11-21T04:32:54.406+0000] {dagbag.py:536} INFO - Filling up the DagBag from /opt/airflow/dags/outcomes_dag.py
[2023-11-21T04:32:55.660+0000] {processor.py:839} INFO - DAG(s) dict_keys(['outcomes_dag']) retrieved from /opt/airflow/dags/outcomes_dag.py
[2023-11-21T04:32:55.702+0000] {logging_mixin.py:154} INFO - [2023-11-21T04:32:55.702+0000] {dag.py:2941} INFO - Sync 1 DAGs
[2023-11-21T04:32:55.755+0000] {logging_mixin.py:154} INFO - [2023-11-21T04:32:55.754+0000] {dag.py:3722} INFO - Setting next_dagrun for outcomes_dag to 2023-11-21T00:00:00+00:00, run_after=2023-11-22T00:00:00+00:00
[2023-11-21T04:32:55.788+0000] {processor.py:179} INFO - Processing /opt/airflow/dags/outcomes_dag.py took 1.405 seconds
[2023-11-21T04:33:26.064+0000] {processor.py:157} INFO - Started process (PID=23815) to work on /opt/airflow/dags/outcomes_dag.py
[2023-11-21T04:33:26.066+0000] {processor.py:829} INFO - Processing file /opt/airflow/dags/outcomes_dag.py for tasks to queue
[2023-11-21T04:33:26.071+0000] {logging_mixin.py:154} INFO - [2023-11-21T04:33:26.071+0000] {dagbag.py:536} INFO - Filling up the DagBag from /opt/airflow/dags/outcomes_dag.py
[2023-11-21T04:33:26.697+0000] {processor.py:839} INFO - DAG(s) dict_keys(['outcomes_dag']) retrieved from /opt/airflow/dags/outcomes_dag.py
[2023-11-21T04:33:26.732+0000] {logging_mixin.py:154} INFO - [2023-11-21T04:33:26.731+0000] {dag.py:2941} INFO - Sync 1 DAGs
[2023-11-21T04:33:26.762+0000] {logging_mixin.py:154} INFO - [2023-11-21T04:33:26.761+0000] {dag.py:3722} INFO - Setting next_dagrun for outcomes_dag to 2023-11-21T00:00:00+00:00, run_after=2023-11-22T00:00:00+00:00
[2023-11-21T04:33:26.785+0000] {processor.py:179} INFO - Processing /opt/airflow/dags/outcomes_dag.py took 0.729 seconds
[2023-11-21T04:33:57.062+0000] {processor.py:157} INFO - Started process (PID=23826) to work on /opt/airflow/dags/outcomes_dag.py
[2023-11-21T04:33:57.064+0000] {processor.py:829} INFO - Processing file /opt/airflow/dags/outcomes_dag.py for tasks to queue
[2023-11-21T04:33:57.069+0000] {logging_mixin.py:154} INFO - [2023-11-21T04:33:57.068+0000] {dagbag.py:536} INFO - Filling up the DagBag from /opt/airflow/dags/outcomes_dag.py
[2023-11-21T04:33:57.857+0000] {processor.py:839} INFO - DAG(s) dict_keys(['outcomes_dag']) retrieved from /opt/airflow/dags/outcomes_dag.py
[2023-11-21T04:33:57.907+0000] {logging_mixin.py:154} INFO - [2023-11-21T04:33:57.907+0000] {dag.py:2941} INFO - Sync 1 DAGs
[2023-11-21T04:33:57.944+0000] {logging_mixin.py:154} INFO - [2023-11-21T04:33:57.943+0000] {dag.py:3722} INFO - Setting next_dagrun for outcomes_dag to 2023-11-21T00:00:00+00:00, run_after=2023-11-22T00:00:00+00:00
[2023-11-21T04:33:58.011+0000] {processor.py:179} INFO - Processing /opt/airflow/dags/outcomes_dag.py took 0.958 seconds
