[2023-11-25T07:02:03.958+0000] {processor.py:157} INFO - Started process (PID=44) to work on /opt/airflow/dags/outcomes_dag.py
[2023-11-25T07:02:03.959+0000] {processor.py:829} INFO - Processing file /opt/airflow/dags/outcomes_dag.py for tasks to queue
[2023-11-25T07:02:03.963+0000] {logging_mixin.py:154} INFO - [2023-11-25T07:02:03.963+0000] {dagbag.py:536} INFO - Filling up the DagBag from /opt/airflow/dags/outcomes_dag.py
[2023-11-25T07:02:06.277+0000] {processor.py:839} INFO - DAG(s) dict_keys(['outcomes_dag']) retrieved from /opt/airflow/dags/outcomes_dag.py
[2023-11-25T07:02:06.407+0000] {logging_mixin.py:154} INFO - [2023-11-25T07:02:06.407+0000] {dag.py:2941} INFO - Sync 1 DAGs
[2023-11-25T07:02:06.432+0000] {logging_mixin.py:154} INFO - [2023-11-25T07:02:06.432+0000] {dag.py:3722} INFO - Setting next_dagrun for outcomes_dag to 2023-11-24T00:00:00+00:00, run_after=2023-11-25T00:00:00+00:00
[2023-11-25T07:02:06.456+0000] {processor.py:179} INFO - Processing /opt/airflow/dags/outcomes_dag.py took 2.506 seconds
[2023-11-25T07:02:36.645+0000] {processor.py:157} INFO - Started process (PID=64) to work on /opt/airflow/dags/outcomes_dag.py
[2023-11-25T07:02:36.647+0000] {processor.py:829} INFO - Processing file /opt/airflow/dags/outcomes_dag.py for tasks to queue
[2023-11-25T07:02:36.650+0000] {logging_mixin.py:154} INFO - [2023-11-25T07:02:36.649+0000] {dagbag.py:536} INFO - Filling up the DagBag from /opt/airflow/dags/outcomes_dag.py
[2023-11-25T07:02:37.276+0000] {processor.py:839} INFO - DAG(s) dict_keys(['outcomes_dag']) retrieved from /opt/airflow/dags/outcomes_dag.py
[2023-11-25T07:02:37.308+0000] {logging_mixin.py:154} INFO - [2023-11-25T07:02:37.307+0000] {dag.py:2941} INFO - Sync 1 DAGs
[2023-11-25T07:02:37.339+0000] {logging_mixin.py:154} INFO - [2023-11-25T07:02:37.338+0000] {dag.py:3722} INFO - Setting next_dagrun for outcomes_dag to 2023-11-25T00:00:00+00:00, run_after=2023-11-26T00:00:00+00:00
[2023-11-25T07:02:37.362+0000] {processor.py:179} INFO - Processing /opt/airflow/dags/outcomes_dag.py took 0.722 seconds
[2023-11-25T07:03:07.515+0000] {processor.py:157} INFO - Started process (PID=76) to work on /opt/airflow/dags/outcomes_dag.py
[2023-11-25T07:03:07.516+0000] {processor.py:829} INFO - Processing file /opt/airflow/dags/outcomes_dag.py for tasks to queue
[2023-11-25T07:03:07.519+0000] {logging_mixin.py:154} INFO - [2023-11-25T07:03:07.518+0000] {dagbag.py:536} INFO - Filling up the DagBag from /opt/airflow/dags/outcomes_dag.py
[2023-11-25T07:03:08.151+0000] {processor.py:839} INFO - DAG(s) dict_keys(['outcomes_dag']) retrieved from /opt/airflow/dags/outcomes_dag.py
[2023-11-25T07:03:08.206+0000] {logging_mixin.py:154} INFO - [2023-11-25T07:03:08.205+0000] {dag.py:2941} INFO - Sync 1 DAGs
[2023-11-25T07:03:08.259+0000] {logging_mixin.py:154} INFO - [2023-11-25T07:03:08.259+0000] {dag.py:3722} INFO - Setting next_dagrun for outcomes_dag to 2023-11-25T00:00:00+00:00, run_after=2023-11-26T00:00:00+00:00
[2023-11-25T07:03:08.307+0000] {processor.py:179} INFO - Processing /opt/airflow/dags/outcomes_dag.py took 0.799 seconds
[2023-11-25T07:03:38.548+0000] {processor.py:157} INFO - Started process (PID=94) to work on /opt/airflow/dags/outcomes_dag.py
[2023-11-25T07:03:38.550+0000] {processor.py:829} INFO - Processing file /opt/airflow/dags/outcomes_dag.py for tasks to queue
[2023-11-25T07:03:38.554+0000] {logging_mixin.py:154} INFO - [2023-11-25T07:03:38.554+0000] {dagbag.py:536} INFO - Filling up the DagBag from /opt/airflow/dags/outcomes_dag.py
[2023-11-25T07:03:39.256+0000] {processor.py:839} INFO - DAG(s) dict_keys(['outcomes_dag']) retrieved from /opt/airflow/dags/outcomes_dag.py
[2023-11-25T07:03:39.296+0000] {logging_mixin.py:154} INFO - [2023-11-25T07:03:39.295+0000] {dag.py:2941} INFO - Sync 1 DAGs
[2023-11-25T07:03:39.331+0000] {logging_mixin.py:154} INFO - [2023-11-25T07:03:39.330+0000] {dag.py:3722} INFO - Setting next_dagrun for outcomes_dag to 2023-11-25T00:00:00+00:00, run_after=2023-11-26T00:00:00+00:00
[2023-11-25T07:03:39.354+0000] {processor.py:179} INFO - Processing /opt/airflow/dags/outcomes_dag.py took 0.810 seconds
[2023-11-25T07:04:09.628+0000] {processor.py:157} INFO - Started process (PID=106) to work on /opt/airflow/dags/outcomes_dag.py
[2023-11-25T07:04:09.633+0000] {processor.py:829} INFO - Processing file /opt/airflow/dags/outcomes_dag.py for tasks to queue
[2023-11-25T07:04:09.637+0000] {logging_mixin.py:154} INFO - [2023-11-25T07:04:09.636+0000] {dagbag.py:536} INFO - Filling up the DagBag from /opt/airflow/dags/outcomes_dag.py
[2023-11-25T07:04:10.340+0000] {processor.py:839} INFO - DAG(s) dict_keys(['outcomes_dag']) retrieved from /opt/airflow/dags/outcomes_dag.py
[2023-11-25T07:04:10.370+0000] {logging_mixin.py:154} INFO - [2023-11-25T07:04:10.370+0000] {dag.py:2941} INFO - Sync 1 DAGs
[2023-11-25T07:04:10.400+0000] {logging_mixin.py:154} INFO - [2023-11-25T07:04:10.400+0000] {dag.py:3722} INFO - Setting next_dagrun for outcomes_dag to 2023-11-25T00:00:00+00:00, run_after=2023-11-26T00:00:00+00:00
[2023-11-25T07:04:10.454+0000] {processor.py:179} INFO - Processing /opt/airflow/dags/outcomes_dag.py took 0.832 seconds
[2023-11-25T07:04:40.723+0000] {processor.py:157} INFO - Started process (PID=117) to work on /opt/airflow/dags/outcomes_dag.py
[2023-11-25T07:04:40.726+0000] {processor.py:829} INFO - Processing file /opt/airflow/dags/outcomes_dag.py for tasks to queue
[2023-11-25T07:04:40.730+0000] {logging_mixin.py:154} INFO - [2023-11-25T07:04:40.729+0000] {dagbag.py:536} INFO - Filling up the DagBag from /opt/airflow/dags/outcomes_dag.py
[2023-11-25T07:04:41.516+0000] {processor.py:839} INFO - DAG(s) dict_keys(['outcomes_dag']) retrieved from /opt/airflow/dags/outcomes_dag.py
[2023-11-25T07:04:41.559+0000] {logging_mixin.py:154} INFO - [2023-11-25T07:04:41.559+0000] {dag.py:2941} INFO - Sync 1 DAGs
[2023-11-25T07:04:41.599+0000] {logging_mixin.py:154} INFO - [2023-11-25T07:04:41.599+0000] {dag.py:3722} INFO - Setting next_dagrun for outcomes_dag to 2023-11-25T00:00:00+00:00, run_after=2023-11-26T00:00:00+00:00
[2023-11-25T07:04:41.637+0000] {processor.py:179} INFO - Processing /opt/airflow/dags/outcomes_dag.py took 0.919 seconds
[2023-11-25T07:05:11.883+0000] {processor.py:157} INFO - Started process (PID=128) to work on /opt/airflow/dags/outcomes_dag.py
[2023-11-25T07:05:11.885+0000] {processor.py:829} INFO - Processing file /opt/airflow/dags/outcomes_dag.py for tasks to queue
[2023-11-25T07:05:11.889+0000] {logging_mixin.py:154} INFO - [2023-11-25T07:05:11.889+0000] {dagbag.py:536} INFO - Filling up the DagBag from /opt/airflow/dags/outcomes_dag.py
[2023-11-25T07:05:12.630+0000] {processor.py:839} INFO - DAG(s) dict_keys(['outcomes_dag']) retrieved from /opt/airflow/dags/outcomes_dag.py
[2023-11-25T07:05:12.669+0000] {logging_mixin.py:154} INFO - [2023-11-25T07:05:12.669+0000] {dag.py:2941} INFO - Sync 1 DAGs
[2023-11-25T07:05:12.698+0000] {logging_mixin.py:154} INFO - [2023-11-25T07:05:12.697+0000] {dag.py:3722} INFO - Setting next_dagrun for outcomes_dag to 2023-11-25T00:00:00+00:00, run_after=2023-11-26T00:00:00+00:00
[2023-11-25T07:05:12.731+0000] {processor.py:179} INFO - Processing /opt/airflow/dags/outcomes_dag.py took 0.854 seconds
[2023-11-25T07:05:42.977+0000] {processor.py:157} INFO - Started process (PID=139) to work on /opt/airflow/dags/outcomes_dag.py
[2023-11-25T07:05:42.978+0000] {processor.py:829} INFO - Processing file /opt/airflow/dags/outcomes_dag.py for tasks to queue
[2023-11-25T07:05:42.982+0000] {logging_mixin.py:154} INFO - [2023-11-25T07:05:42.981+0000] {dagbag.py:536} INFO - Filling up the DagBag from /opt/airflow/dags/outcomes_dag.py
[2023-11-25T07:05:43.667+0000] {processor.py:839} INFO - DAG(s) dict_keys(['outcomes_dag']) retrieved from /opt/airflow/dags/outcomes_dag.py
[2023-11-25T07:05:43.696+0000] {logging_mixin.py:154} INFO - [2023-11-25T07:05:43.696+0000] {dag.py:2941} INFO - Sync 1 DAGs
[2023-11-25T07:05:43.726+0000] {logging_mixin.py:154} INFO - [2023-11-25T07:05:43.726+0000] {dag.py:3722} INFO - Setting next_dagrun for outcomes_dag to 2023-11-25T00:00:00+00:00, run_after=2023-11-26T00:00:00+00:00
[2023-11-25T07:05:43.789+0000] {processor.py:179} INFO - Processing /opt/airflow/dags/outcomes_dag.py took 0.818 seconds
[2023-11-25T07:06:14.043+0000] {processor.py:157} INFO - Started process (PID=150) to work on /opt/airflow/dags/outcomes_dag.py
[2023-11-25T07:06:14.072+0000] {processor.py:829} INFO - Processing file /opt/airflow/dags/outcomes_dag.py for tasks to queue
[2023-11-25T07:06:14.076+0000] {logging_mixin.py:154} INFO - [2023-11-25T07:06:14.076+0000] {dagbag.py:536} INFO - Filling up the DagBag from /opt/airflow/dags/outcomes_dag.py
[2023-11-25T07:06:14.624+0000] {processor.py:839} INFO - DAG(s) dict_keys(['outcomes_dag']) retrieved from /opt/airflow/dags/outcomes_dag.py
[2023-11-25T07:06:14.657+0000] {logging_mixin.py:154} INFO - [2023-11-25T07:06:14.656+0000] {dag.py:2941} INFO - Sync 1 DAGs
[2023-11-25T07:06:14.683+0000] {logging_mixin.py:154} INFO - [2023-11-25T07:06:14.682+0000] {dag.py:3722} INFO - Setting next_dagrun for outcomes_dag to 2023-11-25T00:00:00+00:00, run_after=2023-11-26T00:00:00+00:00
[2023-11-25T07:06:14.722+0000] {processor.py:179} INFO - Processing /opt/airflow/dags/outcomes_dag.py took 0.684 seconds
[2023-11-25T07:06:44.966+0000] {processor.py:157} INFO - Started process (PID=161) to work on /opt/airflow/dags/outcomes_dag.py
[2023-11-25T07:06:44.967+0000] {processor.py:829} INFO - Processing file /opt/airflow/dags/outcomes_dag.py for tasks to queue
[2023-11-25T07:06:44.970+0000] {logging_mixin.py:154} INFO - [2023-11-25T07:06:44.969+0000] {dagbag.py:536} INFO - Filling up the DagBag from /opt/airflow/dags/outcomes_dag.py
[2023-11-25T07:06:45.580+0000] {processor.py:839} INFO - DAG(s) dict_keys(['outcomes_dag']) retrieved from /opt/airflow/dags/outcomes_dag.py
[2023-11-25T07:06:45.607+0000] {logging_mixin.py:154} INFO - [2023-11-25T07:06:45.607+0000] {dag.py:2941} INFO - Sync 1 DAGs
[2023-11-25T07:06:45.632+0000] {logging_mixin.py:154} INFO - [2023-11-25T07:06:45.632+0000] {dag.py:3722} INFO - Setting next_dagrun for outcomes_dag to 2023-11-25T00:00:00+00:00, run_after=2023-11-26T00:00:00+00:00
[2023-11-25T07:06:45.652+0000] {processor.py:179} INFO - Processing /opt/airflow/dags/outcomes_dag.py took 0.690 seconds
[2023-11-25T07:07:15.902+0000] {processor.py:157} INFO - Started process (PID=173) to work on /opt/airflow/dags/outcomes_dag.py
[2023-11-25T07:07:15.941+0000] {processor.py:829} INFO - Processing file /opt/airflow/dags/outcomes_dag.py for tasks to queue
[2023-11-25T07:07:15.945+0000] {logging_mixin.py:154} INFO - [2023-11-25T07:07:15.944+0000] {dagbag.py:536} INFO - Filling up the DagBag from /opt/airflow/dags/outcomes_dag.py
[2023-11-25T07:07:16.744+0000] {processor.py:839} INFO - DAG(s) dict_keys(['outcomes_dag']) retrieved from /opt/airflow/dags/outcomes_dag.py
[2023-11-25T07:07:16.790+0000] {logging_mixin.py:154} INFO - [2023-11-25T07:07:16.790+0000] {dag.py:2941} INFO - Sync 1 DAGs
[2023-11-25T07:07:16.829+0000] {logging_mixin.py:154} INFO - [2023-11-25T07:07:16.829+0000] {dag.py:3722} INFO - Setting next_dagrun for outcomes_dag to 2023-11-25T00:00:00+00:00, run_after=2023-11-26T00:00:00+00:00
[2023-11-25T07:07:16.861+0000] {processor.py:179} INFO - Processing /opt/airflow/dags/outcomes_dag.py took 0.963 seconds
[2023-11-25T07:07:47.142+0000] {processor.py:157} INFO - Started process (PID=184) to work on /opt/airflow/dags/outcomes_dag.py
[2023-11-25T07:07:47.145+0000] {processor.py:829} INFO - Processing file /opt/airflow/dags/outcomes_dag.py for tasks to queue
[2023-11-25T07:07:47.151+0000] {logging_mixin.py:154} INFO - [2023-11-25T07:07:47.151+0000] {dagbag.py:536} INFO - Filling up the DagBag from /opt/airflow/dags/outcomes_dag.py
[2023-11-25T07:07:47.975+0000] {processor.py:839} INFO - DAG(s) dict_keys(['outcomes_dag']) retrieved from /opt/airflow/dags/outcomes_dag.py
[2023-11-25T07:07:48.013+0000] {logging_mixin.py:154} INFO - [2023-11-25T07:07:48.013+0000] {dag.py:2941} INFO - Sync 1 DAGs
[2023-11-25T07:07:48.043+0000] {logging_mixin.py:154} INFO - [2023-11-25T07:07:48.042+0000] {dag.py:3722} INFO - Setting next_dagrun for outcomes_dag to 2023-11-25T00:00:00+00:00, run_after=2023-11-26T00:00:00+00:00
[2023-11-25T07:07:48.079+0000] {processor.py:179} INFO - Processing /opt/airflow/dags/outcomes_dag.py took 0.941 seconds
[2023-11-25T07:08:18.301+0000] {processor.py:157} INFO - Started process (PID=195) to work on /opt/airflow/dags/outcomes_dag.py
[2023-11-25T07:08:18.302+0000] {processor.py:829} INFO - Processing file /opt/airflow/dags/outcomes_dag.py for tasks to queue
[2023-11-25T07:08:18.306+0000] {logging_mixin.py:154} INFO - [2023-11-25T07:08:18.306+0000] {dagbag.py:536} INFO - Filling up the DagBag from /opt/airflow/dags/outcomes_dag.py
[2023-11-25T07:08:19.123+0000] {processor.py:839} INFO - DAG(s) dict_keys(['outcomes_dag']) retrieved from /opt/airflow/dags/outcomes_dag.py
[2023-11-25T07:08:19.177+0000] {logging_mixin.py:154} INFO - [2023-11-25T07:08:19.177+0000] {dag.py:2941} INFO - Sync 1 DAGs
[2023-11-25T07:08:19.221+0000] {logging_mixin.py:154} INFO - [2023-11-25T07:08:19.221+0000] {dag.py:3722} INFO - Setting next_dagrun for outcomes_dag to 2023-11-25T00:00:00+00:00, run_after=2023-11-26T00:00:00+00:00
[2023-11-25T07:08:19.252+0000] {processor.py:179} INFO - Processing /opt/airflow/dags/outcomes_dag.py took 0.956 seconds
[2023-11-25T07:08:49.500+0000] {processor.py:157} INFO - Started process (PID=207) to work on /opt/airflow/dags/outcomes_dag.py
[2023-11-25T07:08:49.503+0000] {processor.py:829} INFO - Processing file /opt/airflow/dags/outcomes_dag.py for tasks to queue
[2023-11-25T07:08:49.504+0000] {logging_mixin.py:154} INFO - [2023-11-25T07:08:49.504+0000] {dagbag.py:536} INFO - Filling up the DagBag from /opt/airflow/dags/outcomes_dag.py
[2023-11-25T07:08:50.293+0000] {processor.py:839} INFO - DAG(s) dict_keys(['outcomes_dag']) retrieved from /opt/airflow/dags/outcomes_dag.py
[2023-11-25T07:08:50.328+0000] {logging_mixin.py:154} INFO - [2023-11-25T07:08:50.328+0000] {dag.py:2941} INFO - Sync 1 DAGs
[2023-11-25T07:08:50.358+0000] {logging_mixin.py:154} INFO - [2023-11-25T07:08:50.358+0000] {dag.py:3722} INFO - Setting next_dagrun for outcomes_dag to 2023-11-25T00:00:00+00:00, run_after=2023-11-26T00:00:00+00:00
[2023-11-25T07:08:50.388+0000] {processor.py:179} INFO - Processing /opt/airflow/dags/outcomes_dag.py took 0.900 seconds
[2023-11-25T07:09:20.649+0000] {processor.py:157} INFO - Started process (PID=226) to work on /opt/airflow/dags/outcomes_dag.py
[2023-11-25T07:09:20.650+0000] {processor.py:829} INFO - Processing file /opt/airflow/dags/outcomes_dag.py for tasks to queue
[2023-11-25T07:09:20.651+0000] {logging_mixin.py:154} INFO - [2023-11-25T07:09:20.651+0000] {dagbag.py:536} INFO - Filling up the DagBag from /opt/airflow/dags/outcomes_dag.py
[2023-11-25T07:09:21.345+0000] {processor.py:839} INFO - DAG(s) dict_keys(['outcomes_dag']) retrieved from /opt/airflow/dags/outcomes_dag.py
[2023-11-25T07:09:21.385+0000] {logging_mixin.py:154} INFO - [2023-11-25T07:09:21.385+0000] {dag.py:2941} INFO - Sync 1 DAGs
[2023-11-25T07:09:21.422+0000] {logging_mixin.py:154} INFO - [2023-11-25T07:09:21.421+0000] {dag.py:3722} INFO - Setting next_dagrun for outcomes_dag to 2023-11-25T00:00:00+00:00, run_after=2023-11-26T00:00:00+00:00
[2023-11-25T07:09:21.453+0000] {processor.py:179} INFO - Processing /opt/airflow/dags/outcomes_dag.py took 0.809 seconds
[2023-11-25T07:09:51.702+0000] {processor.py:157} INFO - Started process (PID=238) to work on /opt/airflow/dags/outcomes_dag.py
[2023-11-25T07:09:51.735+0000] {processor.py:829} INFO - Processing file /opt/airflow/dags/outcomes_dag.py for tasks to queue
[2023-11-25T07:09:51.736+0000] {logging_mixin.py:154} INFO - [2023-11-25T07:09:51.736+0000] {dagbag.py:536} INFO - Filling up the DagBag from /opt/airflow/dags/outcomes_dag.py
[2023-11-25T07:09:52.443+0000] {processor.py:839} INFO - DAG(s) dict_keys(['outcomes_dag']) retrieved from /opt/airflow/dags/outcomes_dag.py
[2023-11-25T07:09:52.479+0000] {logging_mixin.py:154} INFO - [2023-11-25T07:09:52.478+0000] {dag.py:2941} INFO - Sync 1 DAGs
[2023-11-25T07:09:52.515+0000] {logging_mixin.py:154} INFO - [2023-11-25T07:09:52.515+0000] {dag.py:3722} INFO - Setting next_dagrun for outcomes_dag to 2023-11-25T00:00:00+00:00, run_after=2023-11-26T00:00:00+00:00
[2023-11-25T07:09:52.547+0000] {processor.py:179} INFO - Processing /opt/airflow/dags/outcomes_dag.py took 0.849 seconds
[2023-11-25T07:10:22.794+0000] {processor.py:157} INFO - Started process (PID=249) to work on /opt/airflow/dags/outcomes_dag.py
[2023-11-25T07:10:22.797+0000] {processor.py:829} INFO - Processing file /opt/airflow/dags/outcomes_dag.py for tasks to queue
[2023-11-25T07:10:22.799+0000] {logging_mixin.py:154} INFO - [2023-11-25T07:10:22.799+0000] {dagbag.py:536} INFO - Filling up the DagBag from /opt/airflow/dags/outcomes_dag.py
[2023-11-25T07:10:23.434+0000] {processor.py:839} INFO - DAG(s) dict_keys(['outcomes_dag']) retrieved from /opt/airflow/dags/outcomes_dag.py
[2023-11-25T07:10:23.494+0000] {logging_mixin.py:154} INFO - [2023-11-25T07:10:23.493+0000] {dag.py:2941} INFO - Sync 1 DAGs
[2023-11-25T07:10:23.526+0000] {logging_mixin.py:154} INFO - [2023-11-25T07:10:23.526+0000] {dag.py:3722} INFO - Setting next_dagrun for outcomes_dag to 2023-11-25T00:00:00+00:00, run_after=2023-11-26T00:00:00+00:00
[2023-11-25T07:10:23.556+0000] {processor.py:179} INFO - Processing /opt/airflow/dags/outcomes_dag.py took 0.773 seconds
[2023-11-25T07:10:53.789+0000] {processor.py:157} INFO - Started process (PID=260) to work on /opt/airflow/dags/outcomes_dag.py
[2023-11-25T07:10:53.816+0000] {processor.py:829} INFO - Processing file /opt/airflow/dags/outcomes_dag.py for tasks to queue
[2023-11-25T07:10:53.818+0000] {logging_mixin.py:154} INFO - [2023-11-25T07:10:53.818+0000] {dagbag.py:536} INFO - Filling up the DagBag from /opt/airflow/dags/outcomes_dag.py
[2023-11-25T07:10:54.559+0000] {processor.py:839} INFO - DAG(s) dict_keys(['outcomes_dag']) retrieved from /opt/airflow/dags/outcomes_dag.py
[2023-11-25T07:10:54.598+0000] {logging_mixin.py:154} INFO - [2023-11-25T07:10:54.597+0000] {dag.py:2941} INFO - Sync 1 DAGs
[2023-11-25T07:10:54.631+0000] {logging_mixin.py:154} INFO - [2023-11-25T07:10:54.630+0000] {dag.py:3722} INFO - Setting next_dagrun for outcomes_dag to 2023-11-25T00:00:00+00:00, run_after=2023-11-26T00:00:00+00:00
[2023-11-25T07:10:54.662+0000] {processor.py:179} INFO - Processing /opt/airflow/dags/outcomes_dag.py took 0.877 seconds
[2023-11-25T07:11:24.883+0000] {processor.py:157} INFO - Started process (PID=271) to work on /opt/airflow/dags/outcomes_dag.py
[2023-11-25T07:11:24.884+0000] {processor.py:829} INFO - Processing file /opt/airflow/dags/outcomes_dag.py for tasks to queue
[2023-11-25T07:11:24.885+0000] {logging_mixin.py:154} INFO - [2023-11-25T07:11:24.885+0000] {dagbag.py:536} INFO - Filling up the DagBag from /opt/airflow/dags/outcomes_dag.py
[2023-11-25T07:11:25.590+0000] {processor.py:839} INFO - DAG(s) dict_keys(['outcomes_dag']) retrieved from /opt/airflow/dags/outcomes_dag.py
[2023-11-25T07:11:25.628+0000] {logging_mixin.py:154} INFO - [2023-11-25T07:11:25.628+0000] {dag.py:2941} INFO - Sync 1 DAGs
[2023-11-25T07:11:25.656+0000] {logging_mixin.py:154} INFO - [2023-11-25T07:11:25.656+0000] {dag.py:3722} INFO - Setting next_dagrun for outcomes_dag to 2023-11-25T00:00:00+00:00, run_after=2023-11-26T00:00:00+00:00
[2023-11-25T07:11:25.684+0000] {processor.py:179} INFO - Processing /opt/airflow/dags/outcomes_dag.py took 0.805 seconds
[2023-11-25T07:11:55.780+0000] {processor.py:157} INFO - Started process (PID=286) to work on /opt/airflow/dags/outcomes_dag.py
[2023-11-25T07:11:55.821+0000] {processor.py:829} INFO - Processing file /opt/airflow/dags/outcomes_dag.py for tasks to queue
[2023-11-25T07:11:55.823+0000] {logging_mixin.py:154} INFO - [2023-11-25T07:11:55.822+0000] {dagbag.py:536} INFO - Filling up the DagBag from /opt/airflow/dags/outcomes_dag.py
[2023-11-25T07:11:56.726+0000] {processor.py:839} INFO - DAG(s) dict_keys(['outcomes_dag']) retrieved from /opt/airflow/dags/outcomes_dag.py
[2023-11-25T07:11:56.773+0000] {logging_mixin.py:154} INFO - [2023-11-25T07:11:56.772+0000] {dag.py:2941} INFO - Sync 1 DAGs
[2023-11-25T07:11:56.809+0000] {logging_mixin.py:154} INFO - [2023-11-25T07:11:56.809+0000] {dag.py:3722} INFO - Setting next_dagrun for outcomes_dag to 2023-11-25T00:00:00+00:00, run_after=2023-11-26T00:00:00+00:00
[2023-11-25T07:11:56.882+0000] {processor.py:179} INFO - Processing /opt/airflow/dags/outcomes_dag.py took 1.111 seconds
[2023-11-25T07:12:27.134+0000] {processor.py:157} INFO - Started process (PID=299) to work on /opt/airflow/dags/outcomes_dag.py
[2023-11-25T07:12:27.136+0000] {processor.py:829} INFO - Processing file /opt/airflow/dags/outcomes_dag.py for tasks to queue
[2023-11-25T07:12:27.137+0000] {logging_mixin.py:154} INFO - [2023-11-25T07:12:27.137+0000] {dagbag.py:536} INFO - Filling up the DagBag from /opt/airflow/dags/outcomes_dag.py
[2023-11-25T07:12:28.057+0000] {processor.py:839} INFO - DAG(s) dict_keys(['outcomes_dag']) retrieved from /opt/airflow/dags/outcomes_dag.py
[2023-11-25T07:12:28.095+0000] {logging_mixin.py:154} INFO - [2023-11-25T07:12:28.095+0000] {dag.py:2941} INFO - Sync 1 DAGs
[2023-11-25T07:12:28.132+0000] {logging_mixin.py:154} INFO - [2023-11-25T07:12:28.132+0000] {dag.py:3722} INFO - Setting next_dagrun for outcomes_dag to 2023-11-25T00:00:00+00:00, run_after=2023-11-26T00:00:00+00:00
[2023-11-25T07:12:28.158+0000] {processor.py:179} INFO - Processing /opt/airflow/dags/outcomes_dag.py took 1.029 seconds
[2023-11-25T07:12:58.324+0000] {processor.py:157} INFO - Started process (PID=311) to work on /opt/airflow/dags/outcomes_dag.py
[2023-11-25T07:12:58.364+0000] {processor.py:829} INFO - Processing file /opt/airflow/dags/outcomes_dag.py for tasks to queue
[2023-11-25T07:12:58.367+0000] {logging_mixin.py:154} INFO - [2023-11-25T07:12:58.366+0000] {dagbag.py:536} INFO - Filling up the DagBag from /opt/airflow/dags/outcomes_dag.py
[2023-11-25T07:12:59.183+0000] {processor.py:839} INFO - DAG(s) dict_keys(['outcomes_dag']) retrieved from /opt/airflow/dags/outcomes_dag.py
[2023-11-25T07:12:59.224+0000] {logging_mixin.py:154} INFO - [2023-11-25T07:12:59.224+0000] {dag.py:2941} INFO - Sync 1 DAGs
[2023-11-25T07:12:59.266+0000] {logging_mixin.py:154} INFO - [2023-11-25T07:12:59.265+0000] {dag.py:3722} INFO - Setting next_dagrun for outcomes_dag to 2023-11-25T00:00:00+00:00, run_after=2023-11-26T00:00:00+00:00
[2023-11-25T07:12:59.301+0000] {processor.py:179} INFO - Processing /opt/airflow/dags/outcomes_dag.py took 0.983 seconds
[2023-11-25T07:13:29.601+0000] {processor.py:157} INFO - Started process (PID=323) to work on /opt/airflow/dags/outcomes_dag.py
[2023-11-25T07:13:29.603+0000] {processor.py:829} INFO - Processing file /opt/airflow/dags/outcomes_dag.py for tasks to queue
[2023-11-25T07:13:29.605+0000] {logging_mixin.py:154} INFO - [2023-11-25T07:13:29.604+0000] {dagbag.py:536} INFO - Filling up the DagBag from /opt/airflow/dags/outcomes_dag.py
[2023-11-25T07:13:30.441+0000] {processor.py:839} INFO - DAG(s) dict_keys(['outcomes_dag']) retrieved from /opt/airflow/dags/outcomes_dag.py
[2023-11-25T07:13:30.493+0000] {logging_mixin.py:154} INFO - [2023-11-25T07:13:30.492+0000] {dag.py:2941} INFO - Sync 1 DAGs
[2023-11-25T07:13:30.533+0000] {logging_mixin.py:154} INFO - [2023-11-25T07:13:30.533+0000] {dag.py:3722} INFO - Setting next_dagrun for outcomes_dag to 2023-11-25T00:00:00+00:00, run_after=2023-11-26T00:00:00+00:00
[2023-11-25T07:13:30.570+0000] {processor.py:179} INFO - Processing /opt/airflow/dags/outcomes_dag.py took 0.976 seconds
[2023-11-25T07:14:00.840+0000] {processor.py:157} INFO - Started process (PID=333) to work on /opt/airflow/dags/outcomes_dag.py
[2023-11-25T07:14:00.842+0000] {processor.py:829} INFO - Processing file /opt/airflow/dags/outcomes_dag.py for tasks to queue
[2023-11-25T07:14:00.844+0000] {logging_mixin.py:154} INFO - [2023-11-25T07:14:00.843+0000] {dagbag.py:536} INFO - Filling up the DagBag from /opt/airflow/dags/outcomes_dag.py
[2023-11-25T07:14:01.586+0000] {processor.py:839} INFO - DAG(s) dict_keys(['outcomes_dag']) retrieved from /opt/airflow/dags/outcomes_dag.py
[2023-11-25T07:14:01.625+0000] {logging_mixin.py:154} INFO - [2023-11-25T07:14:01.624+0000] {dag.py:2941} INFO - Sync 1 DAGs
[2023-11-25T07:14:01.656+0000] {logging_mixin.py:154} INFO - [2023-11-25T07:14:01.656+0000] {dag.py:3722} INFO - Setting next_dagrun for outcomes_dag to 2023-11-25T00:00:00+00:00, run_after=2023-11-26T00:00:00+00:00
[2023-11-25T07:14:01.725+0000] {processor.py:179} INFO - Processing /opt/airflow/dags/outcomes_dag.py took 0.894 seconds
[2023-11-25T07:14:32.554+0000] {processor.py:157} INFO - Started process (PID=347) to work on /opt/airflow/dags/outcomes_dag.py
[2023-11-25T07:14:32.556+0000] {processor.py:829} INFO - Processing file /opt/airflow/dags/outcomes_dag.py for tasks to queue
[2023-11-25T07:14:32.557+0000] {logging_mixin.py:154} INFO - [2023-11-25T07:14:32.557+0000] {dagbag.py:536} INFO - Filling up the DagBag from /opt/airflow/dags/outcomes_dag.py
[2023-11-25T07:14:33.239+0000] {processor.py:839} INFO - DAG(s) dict_keys(['outcomes_dag']) retrieved from /opt/airflow/dags/outcomes_dag.py
[2023-11-25T07:14:33.278+0000] {logging_mixin.py:154} INFO - [2023-11-25T07:14:33.278+0000] {dag.py:2941} INFO - Sync 1 DAGs
[2023-11-25T07:14:33.320+0000] {logging_mixin.py:154} INFO - [2023-11-25T07:14:33.319+0000] {dag.py:3722} INFO - Setting next_dagrun for outcomes_dag to 2023-11-25T00:00:00+00:00, run_after=2023-11-26T00:00:00+00:00
[2023-11-25T07:14:33.353+0000] {processor.py:179} INFO - Processing /opt/airflow/dags/outcomes_dag.py took 0.804 seconds
[2023-11-25T07:15:03.742+0000] {processor.py:157} INFO - Started process (PID=359) to work on /opt/airflow/dags/outcomes_dag.py
[2023-11-25T07:15:03.744+0000] {processor.py:829} INFO - Processing file /opt/airflow/dags/outcomes_dag.py for tasks to queue
[2023-11-25T07:15:03.745+0000] {logging_mixin.py:154} INFO - [2023-11-25T07:15:03.744+0000] {dagbag.py:536} INFO - Filling up the DagBag from /opt/airflow/dags/outcomes_dag.py
[2023-11-25T07:15:04.331+0000] {processor.py:839} INFO - DAG(s) dict_keys(['outcomes_dag']) retrieved from /opt/airflow/dags/outcomes_dag.py
[2023-11-25T07:15:04.357+0000] {logging_mixin.py:154} INFO - [2023-11-25T07:15:04.357+0000] {dag.py:2941} INFO - Sync 1 DAGs
[2023-11-25T07:15:04.383+0000] {logging_mixin.py:154} INFO - [2023-11-25T07:15:04.383+0000] {dag.py:3722} INFO - Setting next_dagrun for outcomes_dag to 2023-11-25T00:00:00+00:00, run_after=2023-11-26T00:00:00+00:00
[2023-11-25T07:15:04.404+0000] {processor.py:179} INFO - Processing /opt/airflow/dags/outcomes_dag.py took 0.668 seconds
[2023-11-25T07:15:34.643+0000] {processor.py:157} INFO - Started process (PID=376) to work on /opt/airflow/dags/outcomes_dag.py
[2023-11-25T07:15:34.646+0000] {processor.py:829} INFO - Processing file /opt/airflow/dags/outcomes_dag.py for tasks to queue
[2023-11-25T07:15:34.648+0000] {logging_mixin.py:154} INFO - [2023-11-25T07:15:34.647+0000] {dagbag.py:536} INFO - Filling up the DagBag from /opt/airflow/dags/outcomes_dag.py
[2023-11-25T07:15:35.472+0000] {processor.py:839} INFO - DAG(s) dict_keys(['outcomes_dag']) retrieved from /opt/airflow/dags/outcomes_dag.py
[2023-11-25T07:15:35.506+0000] {logging_mixin.py:154} INFO - [2023-11-25T07:15:35.506+0000] {dag.py:2941} INFO - Sync 1 DAGs
[2023-11-25T07:15:35.538+0000] {logging_mixin.py:154} INFO - [2023-11-25T07:15:35.537+0000] {dag.py:3722} INFO - Setting next_dagrun for outcomes_dag to 2023-11-25T00:00:00+00:00, run_after=2023-11-26T00:00:00+00:00
[2023-11-25T07:15:35.600+0000] {processor.py:179} INFO - Processing /opt/airflow/dags/outcomes_dag.py took 0.968 seconds
[2023-11-25T07:16:05.927+0000] {processor.py:157} INFO - Started process (PID=388) to work on /opt/airflow/dags/outcomes_dag.py
[2023-11-25T07:16:05.967+0000] {processor.py:829} INFO - Processing file /opt/airflow/dags/outcomes_dag.py for tasks to queue
[2023-11-25T07:16:05.969+0000] {logging_mixin.py:154} INFO - [2023-11-25T07:16:05.968+0000] {dagbag.py:536} INFO - Filling up the DagBag from /opt/airflow/dags/outcomes_dag.py
[2023-11-25T07:16:06.708+0000] {processor.py:839} INFO - DAG(s) dict_keys(['outcomes_dag']) retrieved from /opt/airflow/dags/outcomes_dag.py
[2023-11-25T07:16:06.745+0000] {logging_mixin.py:154} INFO - [2023-11-25T07:16:06.745+0000] {dag.py:2941} INFO - Sync 1 DAGs
[2023-11-25T07:16:06.776+0000] {logging_mixin.py:154} INFO - [2023-11-25T07:16:06.776+0000] {dag.py:3722} INFO - Setting next_dagrun for outcomes_dag to 2023-11-25T00:00:00+00:00, run_after=2023-11-26T00:00:00+00:00
[2023-11-25T07:16:06.841+0000] {processor.py:179} INFO - Processing /opt/airflow/dags/outcomes_dag.py took 0.920 seconds
[2023-11-25T07:16:37.129+0000] {processor.py:157} INFO - Started process (PID=400) to work on /opt/airflow/dags/outcomes_dag.py
[2023-11-25T07:16:37.131+0000] {processor.py:829} INFO - Processing file /opt/airflow/dags/outcomes_dag.py for tasks to queue
[2023-11-25T07:16:37.132+0000] {logging_mixin.py:154} INFO - [2023-11-25T07:16:37.131+0000] {dagbag.py:536} INFO - Filling up the DagBag from /opt/airflow/dags/outcomes_dag.py
[2023-11-25T07:16:37.982+0000] {processor.py:839} INFO - DAG(s) dict_keys(['outcomes_dag']) retrieved from /opt/airflow/dags/outcomes_dag.py
[2023-11-25T07:16:38.023+0000] {logging_mixin.py:154} INFO - [2023-11-25T07:16:38.023+0000] {dag.py:2941} INFO - Sync 1 DAGs
[2023-11-25T07:16:38.066+0000] {logging_mixin.py:154} INFO - [2023-11-25T07:16:38.065+0000] {dag.py:3722} INFO - Setting next_dagrun for outcomes_dag to 2023-11-25T00:00:00+00:00, run_after=2023-11-26T00:00:00+00:00
[2023-11-25T07:16:38.106+0000] {processor.py:179} INFO - Processing /opt/airflow/dags/outcomes_dag.py took 0.982 seconds
[2023-11-25T07:17:08.443+0000] {processor.py:157} INFO - Started process (PID=411) to work on /opt/airflow/dags/outcomes_dag.py
[2023-11-25T07:17:08.482+0000] {processor.py:829} INFO - Processing file /opt/airflow/dags/outcomes_dag.py for tasks to queue
[2023-11-25T07:17:08.484+0000] {logging_mixin.py:154} INFO - [2023-11-25T07:17:08.484+0000] {dagbag.py:536} INFO - Filling up the DagBag from /opt/airflow/dags/outcomes_dag.py
[2023-11-25T07:17:09.172+0000] {processor.py:839} INFO - DAG(s) dict_keys(['outcomes_dag']) retrieved from /opt/airflow/dags/outcomes_dag.py
[2023-11-25T07:17:09.218+0000] {logging_mixin.py:154} INFO - [2023-11-25T07:17:09.218+0000] {dag.py:2941} INFO - Sync 1 DAGs
[2023-11-25T07:17:09.254+0000] {logging_mixin.py:154} INFO - [2023-11-25T07:17:09.252+0000] {dag.py:3722} INFO - Setting next_dagrun for outcomes_dag to 2023-11-25T00:00:00+00:00, run_after=2023-11-26T00:00:00+00:00
[2023-11-25T07:17:09.326+0000] {processor.py:179} INFO - Processing /opt/airflow/dags/outcomes_dag.py took 0.889 seconds
[2023-11-25T07:17:39.389+0000] {processor.py:157} INFO - Started process (PID=423) to work on /opt/airflow/dags/outcomes_dag.py
[2023-11-25T07:17:39.390+0000] {processor.py:829} INFO - Processing file /opt/airflow/dags/outcomes_dag.py for tasks to queue
[2023-11-25T07:17:39.392+0000] {logging_mixin.py:154} INFO - [2023-11-25T07:17:39.391+0000] {dagbag.py:536} INFO - Filling up the DagBag from /opt/airflow/dags/outcomes_dag.py
[2023-11-25T07:17:40.213+0000] {processor.py:839} INFO - DAG(s) dict_keys(['outcomes_dag']) retrieved from /opt/airflow/dags/outcomes_dag.py
[2023-11-25T07:17:40.254+0000] {logging_mixin.py:154} INFO - [2023-11-25T07:17:40.253+0000] {dag.py:2941} INFO - Sync 1 DAGs
[2023-11-25T07:17:40.286+0000] {logging_mixin.py:154} INFO - [2023-11-25T07:17:40.286+0000] {dag.py:3722} INFO - Setting next_dagrun for outcomes_dag to 2023-11-25T00:00:00+00:00, run_after=2023-11-26T00:00:00+00:00
[2023-11-25T07:17:40.363+0000] {processor.py:179} INFO - Processing /opt/airflow/dags/outcomes_dag.py took 0.983 seconds
[2023-11-25T07:18:10.602+0000] {processor.py:157} INFO - Started process (PID=434) to work on /opt/airflow/dags/outcomes_dag.py
[2023-11-25T07:18:10.643+0000] {processor.py:829} INFO - Processing file /opt/airflow/dags/outcomes_dag.py for tasks to queue
[2023-11-25T07:18:10.645+0000] {logging_mixin.py:154} INFO - [2023-11-25T07:18:10.644+0000] {dagbag.py:536} INFO - Filling up the DagBag from /opt/airflow/dags/outcomes_dag.py
[2023-11-25T07:18:11.409+0000] {processor.py:839} INFO - DAG(s) dict_keys(['outcomes_dag']) retrieved from /opt/airflow/dags/outcomes_dag.py
[2023-11-25T07:18:11.457+0000] {logging_mixin.py:154} INFO - [2023-11-25T07:18:11.456+0000] {dag.py:2941} INFO - Sync 1 DAGs
[2023-11-25T07:18:11.499+0000] {logging_mixin.py:154} INFO - [2023-11-25T07:18:11.498+0000] {dag.py:3722} INFO - Setting next_dagrun for outcomes_dag to 2023-11-25T00:00:00+00:00, run_after=2023-11-26T00:00:00+00:00
[2023-11-25T07:18:11.536+0000] {processor.py:179} INFO - Processing /opt/airflow/dags/outcomes_dag.py took 0.942 seconds
[2023-11-25T07:18:41.691+0000] {processor.py:157} INFO - Started process (PID=446) to work on /opt/airflow/dags/outcomes_dag.py
[2023-11-25T07:18:41.734+0000] {processor.py:829} INFO - Processing file /opt/airflow/dags/outcomes_dag.py for tasks to queue
[2023-11-25T07:18:41.737+0000] {logging_mixin.py:154} INFO - [2023-11-25T07:18:41.736+0000] {dagbag.py:536} INFO - Filling up the DagBag from /opt/airflow/dags/outcomes_dag.py
[2023-11-25T07:18:42.462+0000] {processor.py:839} INFO - DAG(s) dict_keys(['outcomes_dag']) retrieved from /opt/airflow/dags/outcomes_dag.py
[2023-11-25T07:18:42.496+0000] {logging_mixin.py:154} INFO - [2023-11-25T07:18:42.495+0000] {dag.py:2941} INFO - Sync 1 DAGs
[2023-11-25T07:18:42.537+0000] {logging_mixin.py:154} INFO - [2023-11-25T07:18:42.537+0000] {dag.py:3722} INFO - Setting next_dagrun for outcomes_dag to 2023-11-25T00:00:00+00:00, run_after=2023-11-26T00:00:00+00:00
[2023-11-25T07:18:42.608+0000] {processor.py:179} INFO - Processing /opt/airflow/dags/outcomes_dag.py took 0.926 seconds
[2023-11-25T07:19:12.776+0000] {processor.py:157} INFO - Started process (PID=458) to work on /opt/airflow/dags/outcomes_dag.py
[2023-11-25T07:19:12.779+0000] {processor.py:829} INFO - Processing file /opt/airflow/dags/outcomes_dag.py for tasks to queue
[2023-11-25T07:19:12.781+0000] {logging_mixin.py:154} INFO - [2023-11-25T07:19:12.780+0000] {dagbag.py:536} INFO - Filling up the DagBag from /opt/airflow/dags/outcomes_dag.py
[2023-11-25T07:19:13.586+0000] {processor.py:839} INFO - DAG(s) dict_keys(['outcomes_dag']) retrieved from /opt/airflow/dags/outcomes_dag.py
[2023-11-25T07:19:13.629+0000] {logging_mixin.py:154} INFO - [2023-11-25T07:19:13.628+0000] {dag.py:2941} INFO - Sync 1 DAGs
[2023-11-25T07:19:13.662+0000] {logging_mixin.py:154} INFO - [2023-11-25T07:19:13.662+0000] {dag.py:3722} INFO - Setting next_dagrun for outcomes_dag to 2023-11-25T00:00:00+00:00, run_after=2023-11-26T00:00:00+00:00
[2023-11-25T07:19:13.733+0000] {processor.py:179} INFO - Processing /opt/airflow/dags/outcomes_dag.py took 0.965 seconds
[2023-11-25T07:19:43.891+0000] {processor.py:157} INFO - Started process (PID=469) to work on /opt/airflow/dags/outcomes_dag.py
[2023-11-25T07:19:43.893+0000] {processor.py:829} INFO - Processing file /opt/airflow/dags/outcomes_dag.py for tasks to queue
[2023-11-25T07:19:43.895+0000] {logging_mixin.py:154} INFO - [2023-11-25T07:19:43.894+0000] {dagbag.py:536} INFO - Filling up the DagBag from /opt/airflow/dags/outcomes_dag.py
[2023-11-25T07:19:44.591+0000] {processor.py:839} INFO - DAG(s) dict_keys(['outcomes_dag']) retrieved from /opt/airflow/dags/outcomes_dag.py
[2023-11-25T07:19:44.633+0000] {logging_mixin.py:154} INFO - [2023-11-25T07:19:44.632+0000] {dag.py:2941} INFO - Sync 1 DAGs
[2023-11-25T07:19:44.664+0000] {logging_mixin.py:154} INFO - [2023-11-25T07:19:44.664+0000] {dag.py:3722} INFO - Setting next_dagrun for outcomes_dag to 2023-11-25T00:00:00+00:00, run_after=2023-11-26T00:00:00+00:00
[2023-11-25T07:19:44.738+0000] {processor.py:179} INFO - Processing /opt/airflow/dags/outcomes_dag.py took 0.855 seconds
[2023-11-25T07:20:14.812+0000] {processor.py:157} INFO - Started process (PID=480) to work on /opt/airflow/dags/outcomes_dag.py
[2023-11-25T07:20:14.852+0000] {processor.py:829} INFO - Processing file /opt/airflow/dags/outcomes_dag.py for tasks to queue
[2023-11-25T07:20:14.855+0000] {logging_mixin.py:154} INFO - [2023-11-25T07:20:14.854+0000] {dagbag.py:536} INFO - Filling up the DagBag from /opt/airflow/dags/outcomes_dag.py
[2023-11-25T07:20:15.611+0000] {processor.py:839} INFO - DAG(s) dict_keys(['outcomes_dag']) retrieved from /opt/airflow/dags/outcomes_dag.py
[2023-11-25T07:20:15.660+0000] {logging_mixin.py:154} INFO - [2023-11-25T07:20:15.660+0000] {dag.py:2941} INFO - Sync 1 DAGs
[2023-11-25T07:20:15.703+0000] {logging_mixin.py:154} INFO - [2023-11-25T07:20:15.702+0000] {dag.py:3722} INFO - Setting next_dagrun for outcomes_dag to 2023-11-25T00:00:00+00:00, run_after=2023-11-26T00:00:00+00:00
[2023-11-25T07:20:15.728+0000] {processor.py:179} INFO - Processing /opt/airflow/dags/outcomes_dag.py took 0.926 seconds
[2023-11-25T07:20:46.002+0000] {processor.py:157} INFO - Started process (PID=492) to work on /opt/airflow/dags/outcomes_dag.py
[2023-11-25T07:20:46.003+0000] {processor.py:829} INFO - Processing file /opt/airflow/dags/outcomes_dag.py for tasks to queue
[2023-11-25T07:20:46.005+0000] {logging_mixin.py:154} INFO - [2023-11-25T07:20:46.004+0000] {dagbag.py:536} INFO - Filling up the DagBag from /opt/airflow/dags/outcomes_dag.py
[2023-11-25T07:20:46.754+0000] {processor.py:839} INFO - DAG(s) dict_keys(['outcomes_dag']) retrieved from /opt/airflow/dags/outcomes_dag.py
[2023-11-25T07:20:46.792+0000] {logging_mixin.py:154} INFO - [2023-11-25T07:20:46.791+0000] {dag.py:2941} INFO - Sync 1 DAGs
[2023-11-25T07:20:46.826+0000] {logging_mixin.py:154} INFO - [2023-11-25T07:20:46.826+0000] {dag.py:3722} INFO - Setting next_dagrun for outcomes_dag to 2023-11-25T00:00:00+00:00, run_after=2023-11-26T00:00:00+00:00
[2023-11-25T07:20:46.873+0000] {processor.py:179} INFO - Processing /opt/airflow/dags/outcomes_dag.py took 0.878 seconds
[2023-11-25T07:21:17.113+0000] {processor.py:157} INFO - Started process (PID=504) to work on /opt/airflow/dags/outcomes_dag.py
[2023-11-25T07:21:17.154+0000] {processor.py:829} INFO - Processing file /opt/airflow/dags/outcomes_dag.py for tasks to queue
[2023-11-25T07:21:17.156+0000] {logging_mixin.py:154} INFO - [2023-11-25T07:21:17.155+0000] {dagbag.py:536} INFO - Filling up the DagBag from /opt/airflow/dags/outcomes_dag.py
[2023-11-25T07:21:17.949+0000] {processor.py:839} INFO - DAG(s) dict_keys(['outcomes_dag']) retrieved from /opt/airflow/dags/outcomes_dag.py
[2023-11-25T07:21:17.992+0000] {logging_mixin.py:154} INFO - [2023-11-25T07:21:17.992+0000] {dag.py:2941} INFO - Sync 1 DAGs
[2023-11-25T07:21:18.029+0000] {logging_mixin.py:154} INFO - [2023-11-25T07:21:18.028+0000] {dag.py:3722} INFO - Setting next_dagrun for outcomes_dag to 2023-11-25T00:00:00+00:00, run_after=2023-11-26T00:00:00+00:00
[2023-11-25T07:21:18.099+0000] {processor.py:179} INFO - Processing /opt/airflow/dags/outcomes_dag.py took 1.000 seconds
[2023-11-25T07:21:48.140+0000] {processor.py:157} INFO - Started process (PID=516) to work on /opt/airflow/dags/outcomes_dag.py
[2023-11-25T07:21:48.144+0000] {processor.py:829} INFO - Processing file /opt/airflow/dags/outcomes_dag.py for tasks to queue
[2023-11-25T07:21:48.148+0000] {logging_mixin.py:154} INFO - [2023-11-25T07:21:48.148+0000] {dagbag.py:536} INFO - Filling up the DagBag from /opt/airflow/dags/outcomes_dag.py
[2023-11-25T07:21:48.943+0000] {processor.py:839} INFO - DAG(s) dict_keys(['outcomes_dag']) retrieved from /opt/airflow/dags/outcomes_dag.py
[2023-11-25T07:21:48.978+0000] {logging_mixin.py:154} INFO - [2023-11-25T07:21:48.977+0000] {dag.py:2941} INFO - Sync 1 DAGs
[2023-11-25T07:21:49.010+0000] {logging_mixin.py:154} INFO - [2023-11-25T07:21:49.009+0000] {dag.py:3722} INFO - Setting next_dagrun for outcomes_dag to 2023-11-25T00:00:00+00:00, run_after=2023-11-26T00:00:00+00:00
[2023-11-25T07:21:49.079+0000] {processor.py:179} INFO - Processing /opt/airflow/dags/outcomes_dag.py took 0.946 seconds
[2023-11-25T07:22:19.273+0000] {processor.py:157} INFO - Started process (PID=528) to work on /opt/airflow/dags/outcomes_dag.py
[2023-11-25T07:22:19.313+0000] {processor.py:829} INFO - Processing file /opt/airflow/dags/outcomes_dag.py for tasks to queue
[2023-11-25T07:22:19.315+0000] {logging_mixin.py:154} INFO - [2023-11-25T07:22:19.315+0000] {dagbag.py:536} INFO - Filling up the DagBag from /opt/airflow/dags/outcomes_dag.py
[2023-11-25T07:22:20.058+0000] {processor.py:839} INFO - DAG(s) dict_keys(['outcomes_dag']) retrieved from /opt/airflow/dags/outcomes_dag.py
[2023-11-25T07:22:20.093+0000] {logging_mixin.py:154} INFO - [2023-11-25T07:22:20.093+0000] {dag.py:2941} INFO - Sync 1 DAGs
[2023-11-25T07:22:20.124+0000] {logging_mixin.py:154} INFO - [2023-11-25T07:22:20.124+0000] {dag.py:3722} INFO - Setting next_dagrun for outcomes_dag to 2023-11-25T00:00:00+00:00, run_after=2023-11-26T00:00:00+00:00
[2023-11-25T07:22:20.152+0000] {processor.py:179} INFO - Processing /opt/airflow/dags/outcomes_dag.py took 0.886 seconds
[2023-11-25T07:22:50.344+0000] {processor.py:157} INFO - Started process (PID=540) to work on /opt/airflow/dags/outcomes_dag.py
[2023-11-25T07:22:50.345+0000] {processor.py:829} INFO - Processing file /opt/airflow/dags/outcomes_dag.py for tasks to queue
[2023-11-25T07:22:50.346+0000] {logging_mixin.py:154} INFO - [2023-11-25T07:22:50.346+0000] {dagbag.py:536} INFO - Filling up the DagBag from /opt/airflow/dags/outcomes_dag.py
[2023-11-25T07:22:50.969+0000] {processor.py:839} INFO - DAG(s) dict_keys(['outcomes_dag']) retrieved from /opt/airflow/dags/outcomes_dag.py
[2023-11-25T07:22:51.007+0000] {logging_mixin.py:154} INFO - [2023-11-25T07:22:51.006+0000] {dag.py:2941} INFO - Sync 1 DAGs
[2023-11-25T07:22:51.038+0000] {logging_mixin.py:154} INFO - [2023-11-25T07:22:51.038+0000] {dag.py:3722} INFO - Setting next_dagrun for outcomes_dag to 2023-11-25T00:00:00+00:00, run_after=2023-11-26T00:00:00+00:00
[2023-11-25T07:22:51.102+0000] {processor.py:179} INFO - Processing /opt/airflow/dags/outcomes_dag.py took 0.768 seconds
[2023-11-25T07:23:21.360+0000] {processor.py:157} INFO - Started process (PID=552) to work on /opt/airflow/dags/outcomes_dag.py
[2023-11-25T07:23:21.362+0000] {processor.py:829} INFO - Processing file /opt/airflow/dags/outcomes_dag.py for tasks to queue
[2023-11-25T07:23:21.363+0000] {logging_mixin.py:154} INFO - [2023-11-25T07:23:21.363+0000] {dagbag.py:536} INFO - Filling up the DagBag from /opt/airflow/dags/outcomes_dag.py
[2023-11-25T07:23:22.049+0000] {processor.py:839} INFO - DAG(s) dict_keys(['outcomes_dag']) retrieved from /opt/airflow/dags/outcomes_dag.py
[2023-11-25T07:23:22.080+0000] {logging_mixin.py:154} INFO - [2023-11-25T07:23:22.080+0000] {dag.py:2941} INFO - Sync 1 DAGs
[2023-11-25T07:23:22.110+0000] {logging_mixin.py:154} INFO - [2023-11-25T07:23:22.110+0000] {dag.py:3722} INFO - Setting next_dagrun for outcomes_dag to 2023-11-25T00:00:00+00:00, run_after=2023-11-26T00:00:00+00:00
[2023-11-25T07:23:22.134+0000] {processor.py:179} INFO - Processing /opt/airflow/dags/outcomes_dag.py took 0.778 seconds
[2023-11-25T07:23:52.365+0000] {processor.py:157} INFO - Started process (PID=564) to work on /opt/airflow/dags/outcomes_dag.py
[2023-11-25T07:23:52.368+0000] {processor.py:829} INFO - Processing file /opt/airflow/dags/outcomes_dag.py for tasks to queue
[2023-11-25T07:23:52.369+0000] {logging_mixin.py:154} INFO - [2023-11-25T07:23:52.369+0000] {dagbag.py:536} INFO - Filling up the DagBag from /opt/airflow/dags/outcomes_dag.py
[2023-11-25T07:23:52.963+0000] {processor.py:839} INFO - DAG(s) dict_keys(['outcomes_dag']) retrieved from /opt/airflow/dags/outcomes_dag.py
[2023-11-25T07:23:52.994+0000] {logging_mixin.py:154} INFO - [2023-11-25T07:23:52.994+0000] {dag.py:2941} INFO - Sync 1 DAGs
[2023-11-25T07:23:53.023+0000] {logging_mixin.py:154} INFO - [2023-11-25T07:23:53.023+0000] {dag.py:3722} INFO - Setting next_dagrun for outcomes_dag to 2023-11-25T00:00:00+00:00, run_after=2023-11-26T00:00:00+00:00
[2023-11-25T07:23:53.089+0000] {processor.py:179} INFO - Processing /opt/airflow/dags/outcomes_dag.py took 0.736 seconds
[2023-11-25T07:24:23.822+0000] {processor.py:157} INFO - Started process (PID=575) to work on /opt/airflow/dags/outcomes_dag.py
[2023-11-25T07:24:23.863+0000] {processor.py:829} INFO - Processing file /opt/airflow/dags/outcomes_dag.py for tasks to queue
[2023-11-25T07:24:23.864+0000] {logging_mixin.py:154} INFO - [2023-11-25T07:24:23.864+0000] {dagbag.py:536} INFO - Filling up the DagBag from /opt/airflow/dags/outcomes_dag.py
[2023-11-25T07:24:24.554+0000] {processor.py:839} INFO - DAG(s) dict_keys(['outcomes_dag']) retrieved from /opt/airflow/dags/outcomes_dag.py
[2023-11-25T07:24:24.589+0000] {logging_mixin.py:154} INFO - [2023-11-25T07:24:24.589+0000] {dag.py:2941} INFO - Sync 1 DAGs
[2023-11-25T07:24:24.618+0000] {logging_mixin.py:154} INFO - [2023-11-25T07:24:24.618+0000] {dag.py:3722} INFO - Setting next_dagrun for outcomes_dag to 2023-11-25T00:00:00+00:00, run_after=2023-11-26T00:00:00+00:00
[2023-11-25T07:24:24.669+0000] {processor.py:179} INFO - Processing /opt/airflow/dags/outcomes_dag.py took 0.852 seconds
