[2023-11-20T07:59:57.234+0000] {taskinstance.py:1159} INFO - Dependencies all met for dep_context=non-requeueable deps ti=<TaskInstance: outcomes_dag.TRANSFORM_DATA scheduled__2023-11-19T00:00:00+00:00 [queued]>
[2023-11-20T07:59:57.242+0000] {taskinstance.py:1159} INFO - Dependencies all met for dep_context=requeueable deps ti=<TaskInstance: outcomes_dag.TRANSFORM_DATA scheduled__2023-11-19T00:00:00+00:00 [queued]>
[2023-11-20T07:59:57.242+0000] {taskinstance.py:1361} INFO - Starting attempt 2 of 3
[2023-11-20T07:59:57.384+0000] {taskinstance.py:1382} INFO - Executing <Task(PythonOperator): TRANSFORM_DATA> on 2023-11-19 00:00:00+00:00
[2023-11-20T07:59:57.389+0000] {standard_task_runner.py:57} INFO - Started process 3908 to run task
[2023-11-20T07:59:57.392+0000] {standard_task_runner.py:84} INFO - Running: ['***', 'tasks', 'run', 'outcomes_dag', 'TRANSFORM_DATA', 'scheduled__2023-11-19T00:00:00+00:00', '--job-id', '13', '--raw', '--subdir', 'DAGS_FOLDER/outcomes_dag.py', '--cfg-path', '/tmp/tmp_kcz0gjv']
[2023-11-20T07:59:57.394+0000] {standard_task_runner.py:85} INFO - Job 13: Subtask TRANSFORM_DATA
[2023-11-20T07:59:57.433+0000] {task_command.py:416} INFO - Running <TaskInstance: outcomes_dag.TRANSFORM_DATA scheduled__2023-11-19T00:00:00+00:00 [running]> on host dfcabe2f681c
[2023-11-20T07:59:57.489+0000] {taskinstance.py:1662} INFO - Exporting env vars: AIRFLOW_CTX_DAG_OWNER='amith.nandivada' AIRFLOW_CTX_DAG_ID='outcomes_dag' AIRFLOW_CTX_TASK_ID='TRANSFORM_DATA' AIRFLOW_CTX_EXECUTION_DATE='2023-11-19T00:00:00+00:00' AIRFLOW_CTX_TRY_NUMBER='2' AIRFLOW_CTX_DAG_RUN_ID='scheduled__2023-11-19T00:00:00+00:00'
[2023-11-20T08:00:01.054+0000] {logging_mixin.py:154} INFO - Preparing Animal Dimensions Table Data
[2023-11-20T08:00:01.079+0000] {warnings.py:109} WARNING - /opt/***/dags/etl_scripts/transform.py:122: SettingWithCopyWarning: 
A value is trying to be set on a copy of a slice from a DataFrame.
Try using .loc[row_indexer,col_indexer] = value instead

See the caveats in the documentation: https://pandas.pydata.org/pandas-docs/stable/user_guide/indexing.html#returning-a-view-versus-a-copy
  animal_dim['sex'] = animal_dim['sex'].fillna(mode_sex)

[2023-11-20T08:00:01.169+0000] {logging_mixin.py:154} INFO - Preparing Date Dimension Table Data
[2023-11-20T08:00:01.776+0000] {logging_mixin.py:154} INFO - Preparing Outcome Types Dimension Table Data
[2023-11-20T08:00:01.777+0000] {logging_mixin.py:154} INFO - Preparing Outcome Fact Table Data
[2023-11-20T08:00:01.785+0000] {logging_mixin.py:154} INFO - Writing data to GCS.....
[2023-11-20T08:00:07.699+0000] {logging_mixin.py:154} INFO - Finished writing data to GCS.
[2023-11-20T08:00:07.700+0000] {logging_mixin.py:154} INFO - Writing data to GCS.....
[2023-11-20T08:00:08.390+0000] {logging_mixin.py:154} INFO - Finished writing data to GCS.
[2023-11-20T08:00:08.391+0000] {logging_mixin.py:154} INFO - Writing data to GCS.....
[2023-11-20T08:00:08.999+0000] {logging_mixin.py:154} INFO - Finished writing data to GCS.
[2023-11-20T08:00:08.999+0000] {logging_mixin.py:154} INFO - Writing data to GCS.....
[2023-11-20T08:00:12.246+0000] {logging_mixin.py:154} INFO - Finished writing data to GCS.
[2023-11-20T08:00:12.268+0000] {python.py:194} INFO - Done. Returned value was: None
[2023-11-20T08:00:12.277+0000] {taskinstance.py:1400} INFO - Marking task as SUCCESS. dag_id=outcomes_dag, task_id=TRANSFORM_DATA, execution_date=20231119T000000, start_date=20231120T075957, end_date=20231120T080012
[2023-11-20T08:00:12.306+0000] {local_task_job_runner.py:228} INFO - Task exited with return code 0
[2023-11-20T08:00:12.321+0000] {taskinstance.py:2778} INFO - 1 downstream tasks scheduled from follow-on schedule check
