[2023-11-20T04:12:12.721+0000] {taskinstance.py:1159} INFO - Dependencies all met for dep_context=non-requeueable deps ti=<TaskInstance: outcomes_dag.TRANSFORM_DATA scheduled__2023-11-19T00:00:00+00:00 [queued]>
[2023-11-20T04:12:12.738+0000] {taskinstance.py:1159} INFO - Dependencies all met for dep_context=requeueable deps ti=<TaskInstance: outcomes_dag.TRANSFORM_DATA scheduled__2023-11-19T00:00:00+00:00 [queued]>
[2023-11-20T04:12:12.739+0000] {taskinstance.py:1361} INFO - Starting attempt 1 of 2
[2023-11-20T04:12:13.049+0000] {taskinstance.py:1382} INFO - Executing <Task(PythonOperator): TRANSFORM_DATA> on 2023-11-19 00:00:00+00:00
[2023-11-20T04:12:13.064+0000] {standard_task_runner.py:57} INFO - Started process 145 to run task
[2023-11-20T04:12:13.072+0000] {standard_task_runner.py:84} INFO - Running: ['***', 'tasks', 'run', 'outcomes_dag', 'TRANSFORM_DATA', 'scheduled__2023-11-19T00:00:00+00:00', '--job-id', '9', '--raw', '--subdir', 'DAGS_FOLDER/outcomes_dag.py', '--cfg-path', '/tmp/tmp7bz02ur4']
[2023-11-20T04:12:13.079+0000] {standard_task_runner.py:85} INFO - Job 9: Subtask TRANSFORM_DATA
[2023-11-20T04:12:13.178+0000] {task_command.py:416} INFO - Running <TaskInstance: outcomes_dag.TRANSFORM_DATA scheduled__2023-11-19T00:00:00+00:00 [running]> on host dfcabe2f681c
[2023-11-20T04:12:13.309+0000] {taskinstance.py:1662} INFO - Exporting env vars: AIRFLOW_CTX_DAG_OWNER='amith.nandivada' AIRFLOW_CTX_DAG_ID='outcomes_dag' AIRFLOW_CTX_TASK_ID='TRANSFORM_DATA' AIRFLOW_CTX_EXECUTION_DATE='2023-11-19T00:00:00+00:00' AIRFLOW_CTX_TRY_NUMBER='1' AIRFLOW_CTX_DAG_RUN_ID='scheduled__2023-11-19T00:00:00+00:00'
[2023-11-20T04:12:17.710+0000] {logging_mixin.py:154} INFO - Preparing Animal Dimensions Table Data
[2023-11-20T04:12:17.854+0000] {logging_mixin.py:154} INFO - Preparing Date Dimension Table Data
[2023-11-20T04:12:18.847+0000] {logging_mixin.py:154} INFO - Preparing Outcome Types Dimension Table Data
[2023-11-20T04:12:18.849+0000] {logging_mixin.py:154} INFO - Preparing Outcome Fact Table Data
[2023-11-20T04:12:18.859+0000] {logging_mixin.py:154} INFO - Writing data to GCS.....
[2023-11-20T04:12:24.080+0000] {logging_mixin.py:154} INFO - Finished writing data to GCS.
[2023-11-20T04:12:24.080+0000] {logging_mixin.py:154} INFO - Writing data to GCS.....
[2023-11-20T04:12:24.885+0000] {logging_mixin.py:154} INFO - Finished writing data to GCS.
[2023-11-20T04:12:24.886+0000] {logging_mixin.py:154} INFO - Writing data to GCS.....
[2023-11-20T04:12:25.616+0000] {logging_mixin.py:154} INFO - Finished writing data to GCS.
[2023-11-20T04:12:25.617+0000] {logging_mixin.py:154} INFO - Writing data to GCS.....
[2023-11-20T04:12:30.050+0000] {logging_mixin.py:154} INFO - Finished writing data to GCS.
[2023-11-20T04:12:30.091+0000] {python.py:194} INFO - Done. Returned value was: None
[2023-11-20T04:12:30.111+0000] {taskinstance.py:1400} INFO - Marking task as SUCCESS. dag_id=outcomes_dag, task_id=TRANSFORM_DATA, execution_date=20231119T000000, start_date=20231120T041212, end_date=20231120T041230
[2023-11-20T04:12:30.170+0000] {local_task_job_runner.py:228} INFO - Task exited with return code 0
[2023-11-20T04:12:30.195+0000] {taskinstance.py:2778} INFO - 1 downstream tasks scheduled from follow-on schedule check
